[21.118s] DEBUG:colcon:Command line arguments: ['/usr/bin/colcon', 'build', '--symlink-install']
[21.119s] DEBUG:colcon:Parsed command line arguments: Namespace(log_base=None, log_level=None, verb_name='build', build_base='build', install_base='install', merge_install=False, symlink_install=True, test_result_base=None, continue_on_error=False, executor='parallel', parallel_workers=4, event_handlers=None, ignore_user_meta=False, metas=['./colcon.meta'], base_paths=['.'], packages_ignore=None, packages_ignore_regex=None, paths=None, packages_up_to=None, packages_up_to_regex=None, packages_above=None, packages_above_and_dependencies=None, packages_above_depth=None, packages_select_by_dep=None, packages_skip_by_dep=None, packages_skip_up_to=None, packages_select_build_failed=False, packages_skip_build_finished=False, packages_select_test_failures=False, packages_skip_test_passed=False, packages_select=None, packages_skip=None, packages_select_regex=None, packages_skip_regex=None, packages_start=None, packages_end=None, allow_overriding=[], cmake_args=None, cmake_target=None, cmake_target_skip_unavailable=False, cmake_clean_cache=False, cmake_clean_first=False, cmake_force_configure=False, ament_cmake_args=None, catkin_cmake_args=None, catkin_skip_building_tests=False, verb_parser=<colcon_defaults.argument_parser.defaults.DefaultArgumentsDecorator object at 0xffffa0be5c00>, verb_extension=<colcon_core.verb.build.BuildVerb object at 0xffffa0be54e0>, main=<bound method BuildVerb.main of <colcon_core.verb.build.BuildVerb object at 0xffffa0be54e0>>)
[21.915s] Level 1:colcon.colcon_core.package_discovery:discover_packages(colcon_meta) check parameters
[21.917s] Level 1:colcon.colcon_core.package_discovery:discover_packages(recursive) check parameters
[21.918s] Level 1:colcon.colcon_core.package_discovery:discover_packages(ignore) check parameters
[21.919s] Level 1:colcon.colcon_core.package_discovery:discover_packages(path) check parameters
[21.919s] Level 1:colcon.colcon_core.package_discovery:discover_packages(colcon_meta) discover
[21.920s] Level 1:colcon.colcon_core.package_discovery:discover_packages(recursive) discover
[21.920s] INFO:colcon.colcon_core.package_discovery:Crawling recursively for packages in '/home/masa/slam_ws'
[21.921s] Level 1:colcon.colcon_core.package_identification:_identify(.) by extensions ['ignore', 'ignore_ament_install']
[21.922s] Level 1:colcon.colcon_core.package_identification:_identify(.) by extension 'ignore'
[21.923s] Level 1:colcon.colcon_core.package_identification:_identify(.) by extension 'ignore_ament_install'
[21.925s] Level 1:colcon.colcon_core.package_identification:_identify(.) by extensions ['colcon_pkg']
[21.929s] Level 1:colcon.colcon_core.package_identification:_identify(.) by extension 'colcon_pkg'
[21.931s] Level 1:colcon.colcon_core.package_identification:_identify(.) by extensions ['colcon_meta']
[21.932s] Level 1:colcon.colcon_core.package_identification:_identify(.) by extension 'colcon_meta'
[21.933s] Level 1:colcon.colcon_core.package_identification:_identify(.) by extensions ['ros']
[21.933s] Level 1:colcon.colcon_core.package_identification:_identify(.) by extension 'ros'
[22.054s] Level 1:colcon.colcon_core.package_identification:_identify(.) by extensions ['cmake', 'python']
[22.055s] Level 1:colcon.colcon_core.package_identification:_identify(.) by extension 'cmake'
[22.057s] Level 1:colcon.colcon_core.package_identification:_identify(.) by extension 'python'
[22.058s] Level 1:colcon.colcon_core.package_identification:_identify(.) by extensions ['python_setup_py']
[22.059s] Level 1:colcon.colcon_core.package_identification:_identify(.) by extension 'python_setup_py'
[22.062s] Level 1:colcon.colcon_core.package_identification:_identify(build) by extensions ['ignore', 'ignore_ament_install']
[22.064s] Level 1:colcon.colcon_core.package_identification:_identify(build) by extension 'ignore'
[22.069s] Level 1:colcon.colcon_core.package_identification:_identify(build) ignored
[22.077s] Level 1:colcon.colcon_core.package_identification:_identify(install) by extensions ['ignore', 'ignore_ament_install']
[22.079s] Level 1:colcon.colcon_core.package_identification:_identify(install) by extension 'ignore'
[22.081s] Level 1:colcon.colcon_core.package_identification:_identify(install) ignored
[22.088s] Level 1:colcon.colcon_core.package_identification:_identify(log) by extensions ['ignore', 'ignore_ament_install']
[22.089s] Level 1:colcon.colcon_core.package_identification:_identify(log) by extension 'ignore'
[22.091s] Level 1:colcon.colcon_core.package_identification:_identify(log) ignored
[22.093s] Level 1:colcon.colcon_core.package_identification:_identify(src) by extensions ['ignore', 'ignore_ament_install']
[22.094s] Level 1:colcon.colcon_core.package_identification:_identify(src) by extension 'ignore'
[22.096s] Level 1:colcon.colcon_core.package_identification:_identify(src) by extension 'ignore_ament_install'
[22.098s] Level 1:colcon.colcon_core.package_identification:_identify(src) by extensions ['colcon_pkg']
[22.099s] Level 1:colcon.colcon_core.package_identification:_identify(src) by extension 'colcon_pkg'
[22.100s] Level 1:colcon.colcon_core.package_identification:_identify(src) by extensions ['colcon_meta']
[22.100s] Level 1:colcon.colcon_core.package_identification:_identify(src) by extension 'colcon_meta'
[22.101s] Level 1:colcon.colcon_core.package_identification:_identify(src) by extensions ['ros']
[22.101s] Level 1:colcon.colcon_core.package_identification:_identify(src) by extension 'ros'
[22.102s] Level 1:colcon.colcon_core.package_identification:_identify(src) by extensions ['cmake', 'python']
[22.102s] Level 1:colcon.colcon_core.package_identification:_identify(src) by extension 'cmake'
[22.103s] Level 1:colcon.colcon_core.package_identification:_identify(src) by extension 'python'
[22.103s] Level 1:colcon.colcon_core.package_identification:_identify(src) by extensions ['python_setup_py']
[22.104s] Level 1:colcon.colcon_core.package_identification:_identify(src) by extension 'python_setup_py'
[22.105s] Level 1:colcon.colcon_core.package_identification:_identify(src/carto_test) by extensions ['ignore', 'ignore_ament_install']
[22.106s] Level 1:colcon.colcon_core.package_identification:_identify(src/carto_test) by extension 'ignore'
[22.106s] Level 1:colcon.colcon_core.package_identification:_identify(src/carto_test) by extension 'ignore_ament_install'
[22.107s] Level 1:colcon.colcon_core.package_identification:_identify(src/carto_test) by extensions ['colcon_pkg']
[22.107s] Level 1:colcon.colcon_core.package_identification:_identify(src/carto_test) by extension 'colcon_pkg'
[22.107s] Level 1:colcon.colcon_core.package_identification:_identify(src/carto_test) by extensions ['colcon_meta']
[22.108s] Level 1:colcon.colcon_core.package_identification:_identify(src/carto_test) by extension 'colcon_meta'
[22.108s] Level 1:colcon.colcon_core.package_identification:_identify(src/carto_test) by extensions ['ros']
[22.108s] Level 1:colcon.colcon_core.package_identification:_identify(src/carto_test) by extension 'ros'
[22.131s] DEBUG:colcon.colcon_core.package_identification:Package 'src/carto_test' with type 'ros.ament_python' and name 'carto_test'
[22.131s] Level 1:colcon.colcon_core.package_discovery:discover_packages(recursive) using defaults
[22.132s] Level 1:colcon.colcon_core.package_discovery:discover_packages(ignore) discover
[22.133s] Level 1:colcon.colcon_core.package_discovery:discover_packages(ignore) using defaults
[22.134s] Level 1:colcon.colcon_core.package_discovery:discover_packages(path) discover
[22.134s] Level 1:colcon.colcon_core.package_discovery:discover_packages(path) using defaults
[23.899s] Level 1:colcon.colcon_core.package_discovery:discover_packages(prefix_path) check parameters
[23.901s] Level 1:colcon.colcon_core.package_discovery:discover_packages(prefix_path) discover
[24.488s] DEBUG:colcon.colcon_installed_package_information.package_discovery:Found 1 installed packages in /home/masa/slam_ws/install
[24.911s] DEBUG:colcon.colcon_installed_package_information.package_discovery:Found 361 installed packages in /opt/ros/humble
[24.924s] Level 1:colcon.colcon_core.package_discovery:discover_packages(prefix_path) using defaults
[26.610s] Level 5:colcon.colcon_core.verb:set package 'carto_test' build argument 'cmake_args' from command line to 'None'
[26.612s] Level 5:colcon.colcon_core.verb:set package 'carto_test' build argument 'cmake_target' from command line to 'None'
[26.612s] Level 5:colcon.colcon_core.verb:set package 'carto_test' build argument 'cmake_target_skip_unavailable' from command line to 'False'
[26.613s] Level 5:colcon.colcon_core.verb:set package 'carto_test' build argument 'cmake_clean_cache' from command line to 'False'
[26.615s] Level 5:colcon.colcon_core.verb:set package 'carto_test' build argument 'cmake_clean_first' from command line to 'False'
[26.616s] Level 5:colcon.colcon_core.verb:set package 'carto_test' build argument 'cmake_force_configure' from command line to 'False'
[26.616s] Level 5:colcon.colcon_core.verb:set package 'carto_test' build argument 'ament_cmake_args' from command line to 'None'
[26.616s] Level 5:colcon.colcon_core.verb:set package 'carto_test' build argument 'catkin_cmake_args' from command line to 'None'
[26.616s] Level 5:colcon.colcon_core.verb:set package 'carto_test' build argument 'catkin_skip_building_tests' from command line to 'False'
[26.617s] DEBUG:colcon.colcon_core.verb:Building package 'carto_test' with the following arguments: {'ament_cmake_args': None, 'build_base': '/home/masa/slam_ws/build/carto_test', 'catkin_cmake_args': None, 'catkin_skip_building_tests': False, 'cmake_args': None, 'cmake_clean_cache': False, 'cmake_clean_first': False, 'cmake_force_configure': False, 'cmake_target': None, 'cmake_target_skip_unavailable': False, 'install_base': '/home/masa/slam_ws/install/carto_test', 'merge_install': False, 'path': '/home/masa/slam_ws/src/carto_test', 'symlink_install': True, 'test_result_base': None}
[27.025s] INFO:colcon.colcon_core.executor:Executing jobs using 'parallel' executor
[27.401s] DEBUG:colcon.colcon_parallel_executor.executor.parallel:run_until_complete
[27.403s] INFO:colcon.colcon_ros.task.ament_python.build:Building ROS package in '/home/masa/slam_ws/src/carto_test' with build type 'ament_python'
[27.403s] Level 1:colcon.colcon_core.shell:create_environment_hook('carto_test', 'ament_prefix_path')
[27.707s] INFO:colcon.colcon_core.plugin_system:Skipping extension 'colcon_core.shell.bat': Not used on non-Windows systems
[27.714s] INFO:colcon.colcon_core.shell:Creating environment hook '/home/masa/slam_ws/install/carto_test/share/carto_test/hook/ament_prefix_path.ps1'
[27.723s] INFO:colcon.colcon_core.shell:Creating environment descriptor '/home/masa/slam_ws/install/carto_test/share/carto_test/hook/ament_prefix_path.dsv'
[27.732s] INFO:colcon.colcon_core.shell:Creating environment hook '/home/masa/slam_ws/install/carto_test/share/carto_test/hook/ament_prefix_path.sh'
[28.149s] INFO:colcon.colcon_core.shell:Skip shell extension 'powershell' for command environment: Not usable outside of PowerShell
[28.149s] DEBUG:colcon.colcon_core.shell:Skip shell extension 'dsv' for command environment
[33.228s] INFO:colcon.colcon_core.task.python.build:Building Python package in '/home/masa/slam_ws/src/carto_test'
[33.527s] INFO:colcon.colcon_core.shell:Skip shell extension 'powershell' for command environment: Not usable outside of PowerShell
[33.529s] DEBUG:colcon.colcon_core.shell:Skip shell extension 'dsv' for command environment
[39.281s] DEBUG:colcon.colcon_core.event_handler.log_command:Invoking command in '/home/masa/slam_ws/build/carto_test': PYTHONPATH=/home/masa/slam_ws/build/carto_test/prefix_override:/home/masa/slam_ws/install/carto_test/lib/python3.10/site-packages:${PYTHONPATH} /usr/bin/python3 setup.py develop --editable --build-directory /home/masa/slam_ws/build/carto_test/build --no-deps install_data
[46.773s] Level 1:colcon.colcon_core.shell:create_environment_hook('carto_test', 'pythonpath_develop')
[46.792s] DEBUG:colcon.colcon_core.event_handler.log_command:Invoked command in '/home/masa/slam_ws/build/carto_test' returned '0': PYTHONPATH=/home/masa/slam_ws/build/carto_test/prefix_override:/home/masa/slam_ws/install/carto_test/lib/python3.10/site-packages:${PYTHONPATH} /usr/bin/python3 setup.py develop --editable --build-directory /home/masa/slam_ws/build/carto_test/build --no-deps install_data
[47.094s] INFO:colcon.colcon_core.shell:Creating environment hook '/home/masa/slam_ws/build/carto_test/share/carto_test/hook/pythonpath_develop.ps1'
[47.115s] INFO:colcon.colcon_core.shell:Creating environment descriptor '/home/masa/slam_ws/build/carto_test/share/carto_test/hook/pythonpath_develop.dsv'
[47.119s] INFO:colcon.colcon_core.shell:Creating environment hook '/home/masa/slam_ws/build/carto_test/share/carto_test/hook/pythonpath_develop.sh'
[47.559s] Level 1:colcon.colcon_core.environment:checking '/home/masa/slam_ws/install/carto_test' for CMake module files
[47.568s] Level 1:colcon.colcon_core.environment:checking '/home/masa/slam_ws/install/carto_test' for CMake config files
[47.582s] Level 1:colcon.colcon_core.environment:checking '/home/masa/slam_ws/install/carto_test/lib'
[47.585s] Level 1:colcon.colcon_core.environment:checking '/home/masa/slam_ws/install/carto_test/bin'
[47.587s] Level 1:colcon.colcon_core.environment:checking '/home/masa/slam_ws/install/carto_test/lib/pkgconfig/carto_test.pc'
[47.593s] Level 1:colcon.colcon_core.environment:checking '/home/masa/slam_ws/install/carto_test/lib/python3.10/site-packages'
[47.607s] Level 1:colcon.colcon_core.shell:create_environment_hook('carto_test', 'pythonpath')
[48.022s] INFO:colcon.colcon_core.shell:Creating environment hook '/home/masa/slam_ws/install/carto_test/share/carto_test/hook/pythonpath.ps1'
[48.028s] INFO:colcon.colcon_core.shell:Creating environment descriptor '/home/masa/slam_ws/install/carto_test/share/carto_test/hook/pythonpath.dsv'
[48.037s] INFO:colcon.colcon_core.shell:Creating environment hook '/home/masa/slam_ws/install/carto_test/share/carto_test/hook/pythonpath.sh'
[48.049s] Level 1:colcon.colcon_core.environment:checking '/home/masa/slam_ws/install/carto_test/bin'
[48.050s] Level 1:colcon.colcon_core.environment:create_environment_scripts_only(carto_test)
[48.476s] INFO:colcon.colcon_core.shell:Creating package script '/home/masa/slam_ws/install/carto_test/share/carto_test/package.ps1'
[48.490s] INFO:colcon.colcon_core.shell:Creating package descriptor '/home/masa/slam_ws/install/carto_test/share/carto_test/package.dsv'
[48.499s] INFO:colcon.colcon_core.shell:Creating package script '/home/masa/slam_ws/install/carto_test/share/carto_test/package.sh'
[48.510s] INFO:colcon.colcon_core.shell:Creating package script '/home/masa/slam_ws/install/carto_test/share/carto_test/package.bash'
[48.520s] INFO:colcon.colcon_core.shell:Creating package script '/home/masa/slam_ws/install/carto_test/share/carto_test/package.zsh'
[48.529s] Level 1:colcon.colcon_core.environment:create_file_with_runtime_dependencies(/home/masa/slam_ws/install/carto_test/share/colcon-core/packages/carto_test)
[48.541s] DEBUG:colcon.colcon_parallel_executor.executor.parallel:closing loop
[48.546s] DEBUG:colcon.colcon_parallel_executor.executor.parallel:loop closed
[48.547s] DEBUG:colcon.colcon_parallel_executor.executor.parallel:run_until_complete finished with '0'
[48.548s] DEBUG:colcon.colcon_core.event_reactor:joining thread
[48.819s] INFO:colcon.colcon_core.plugin_system:Skipping extension 'colcon_notification.desktop_notification.terminal_notifier': Not used on non-Darwin systems
[48.821s] INFO:colcon.colcon_core.plugin_system:Skipping extension 'colcon_notification.desktop_notification.win32': Not used on non-Windows systems
[48.834s] INFO:colcon.colcon_notification.desktop_notification:Sending desktop notification using 'notify2'
[48.961s] DEBUG:colcon.colcon_core.event_reactor:joined thread
[49.464s] INFO:colcon.colcon_core.shell:Creating prefix script '/home/masa/slam_ws/install/local_setup.ps1'
[49.481s] INFO:colcon.colcon_core.shell:Creating prefix util module '/home/masa/slam_ws/install/_local_setup_util_ps1.py'
[49.502s] INFO:colcon.colcon_core.shell:Creating prefix chain script '/home/masa/slam_ws/install/setup.ps1'
[49.879s] INFO:colcon.colcon_core.shell:Creating prefix script '/home/masa/slam_ws/install/local_setup.sh'
[49.890s] INFO:colcon.colcon_core.shell:Creating prefix util module '/home/masa/slam_ws/install/_local_setup_util_sh.py'
[49.893s] INFO:colcon.colcon_core.shell:Creating prefix chain script '/home/masa/slam_ws/install/setup.sh'
[50.206s] INFO:colcon.colcon_core.shell:Creating prefix script '/home/masa/slam_ws/install/local_setup.bash'
[50.209s] INFO:colcon.colcon_core.shell:Creating prefix chain script '/home/masa/slam_ws/install/setup.bash'
[50.414s] INFO:colcon.colcon_core.shell:Creating prefix script '/home/masa/slam_ws/install/local_setup.zsh'
[50.423s] INFO:colcon.colcon_core.shell:Creating prefix chain script '/home/masa/slam_ws/install/setup.zsh'
