[6.621s] DEBUG:colcon:Command line arguments: ['/usr/bin/colcon', 'build']
[6.622s] DEBUG:colcon:Parsed command line arguments: Namespace(log_base=None, log_level=None, verb_name='build', build_base='build', install_base='install', merge_install=False, symlink_install=False, test_result_base=None, continue_on_error=False, executor='parallel', parallel_workers=4, event_handlers=None, ignore_user_meta=False, metas=['./colcon.meta'], base_paths=['.'], packages_ignore=None, packages_ignore_regex=None, paths=None, packages_up_to=None, packages_up_to_regex=None, packages_above=None, packages_above_and_dependencies=None, packages_above_depth=None, packages_select_by_dep=None, packages_skip_by_dep=None, packages_skip_up_to=None, packages_select_build_failed=False, packages_skip_build_finished=False, packages_select_test_failures=False, packages_skip_test_passed=False, packages_select=None, packages_skip=None, packages_select_regex=None, packages_skip_regex=None, packages_start=None, packages_end=None, allow_overriding=[], cmake_args=None, cmake_target=None, cmake_target_skip_unavailable=False, cmake_clean_cache=False, cmake_clean_first=False, cmake_force_configure=False, ament_cmake_args=None, catkin_cmake_args=None, catkin_skip_building_tests=False, verb_parser=<colcon_defaults.argument_parser.defaults.DefaultArgumentsDecorator object at 0xffff9c2cb910>, verb_extension=<colcon_core.verb.build.BuildVerb object at 0xffff9c2c93f0>, main=<bound method BuildVerb.main of <colcon_core.verb.build.BuildVerb object at 0xffff9c2c93f0>>)
[6.924s] Level 1:colcon.colcon_core.package_discovery:discover_packages(colcon_meta) check parameters
[6.925s] Level 1:colcon.colcon_core.package_discovery:discover_packages(recursive) check parameters
[6.925s] Level 1:colcon.colcon_core.package_discovery:discover_packages(ignore) check parameters
[6.925s] Level 1:colcon.colcon_core.package_discovery:discover_packages(path) check parameters
[6.926s] Level 1:colcon.colcon_core.package_discovery:discover_packages(colcon_meta) discover
[6.926s] Level 1:colcon.colcon_core.package_discovery:discover_packages(recursive) discover
[6.926s] INFO:colcon.colcon_core.package_discovery:Crawling recursively for packages in '/home/masa/slam_ws'
[6.927s] Level 1:colcon.colcon_core.package_identification:_identify(.) by extensions ['ignore', 'ignore_ament_install']
[6.927s] Level 1:colcon.colcon_core.package_identification:_identify(.) by extension 'ignore'
[6.928s] Level 1:colcon.colcon_core.package_identification:_identify(.) by extension 'ignore_ament_install'
[6.928s] Level 1:colcon.colcon_core.package_identification:_identify(.) by extensions ['colcon_pkg']
[6.929s] Level 1:colcon.colcon_core.package_identification:_identify(.) by extension 'colcon_pkg'
[6.929s] Level 1:colcon.colcon_core.package_identification:_identify(.) by extensions ['colcon_meta']
[6.929s] Level 1:colcon.colcon_core.package_identification:_identify(.) by extension 'colcon_meta'
[6.930s] Level 1:colcon.colcon_core.package_identification:_identify(.) by extensions ['ros']
[6.930s] Level 1:colcon.colcon_core.package_identification:_identify(.) by extension 'ros'
[6.995s] Level 1:colcon.colcon_core.package_identification:_identify(.) by extensions ['cmake', 'python']
[6.995s] Level 1:colcon.colcon_core.package_identification:_identify(.) by extension 'cmake'
[6.995s] Level 1:colcon.colcon_core.package_identification:_identify(.) by extension 'python'
[6.996s] Level 1:colcon.colcon_core.package_identification:_identify(.) by extensions ['python_setup_py']
[6.996s] Level 1:colcon.colcon_core.package_identification:_identify(.) by extension 'python_setup_py'
[6.997s] Level 1:colcon.colcon_core.package_identification:_identify(build) by extensions ['ignore', 'ignore_ament_install']
[6.998s] Level 1:colcon.colcon_core.package_identification:_identify(build) by extension 'ignore'
[6.998s] Level 1:colcon.colcon_core.package_identification:_identify(build) ignored
[6.999s] Level 1:colcon.colcon_core.package_identification:_identify(install) by extensions ['ignore', 'ignore_ament_install']
[6.999s] Level 1:colcon.colcon_core.package_identification:_identify(install) by extension 'ignore'
[6.999s] Level 1:colcon.colcon_core.package_identification:_identify(install) ignored
[7.000s] Level 1:colcon.colcon_core.package_identification:_identify(log) by extensions ['ignore', 'ignore_ament_install']
[7.001s] Level 1:colcon.colcon_core.package_identification:_identify(log) by extension 'ignore'
[7.001s] Level 1:colcon.colcon_core.package_identification:_identify(log) ignored
[7.002s] Level 1:colcon.colcon_core.package_identification:_identify(src) by extensions ['ignore', 'ignore_ament_install']
[7.002s] Level 1:colcon.colcon_core.package_identification:_identify(src) by extension 'ignore'
[7.003s] Level 1:colcon.colcon_core.package_identification:_identify(src) by extension 'ignore_ament_install'
[7.003s] Level 1:colcon.colcon_core.package_identification:_identify(src) by extensions ['colcon_pkg']
[7.003s] Level 1:colcon.colcon_core.package_identification:_identify(src) by extension 'colcon_pkg'
[7.003s] Level 1:colcon.colcon_core.package_identification:_identify(src) by extensions ['colcon_meta']
[7.004s] Level 1:colcon.colcon_core.package_identification:_identify(src) by extension 'colcon_meta'
[7.004s] Level 1:colcon.colcon_core.package_identification:_identify(src) by extensions ['ros']
[7.004s] Level 1:colcon.colcon_core.package_identification:_identify(src) by extension 'ros'
[7.005s] Level 1:colcon.colcon_core.package_identification:_identify(src) by extensions ['cmake', 'python']
[7.005s] Level 1:colcon.colcon_core.package_identification:_identify(src) by extension 'cmake'
[7.006s] Level 1:colcon.colcon_core.package_identification:_identify(src) by extension 'python'
[7.006s] Level 1:colcon.colcon_core.package_identification:_identify(src) by extensions ['python_setup_py']
[7.006s] Level 1:colcon.colcon_core.package_identification:_identify(src) by extension 'python_setup_py'
[7.007s] Level 1:colcon.colcon_core.package_identification:_identify(src/carto_test) by extensions ['ignore', 'ignore_ament_install']
[7.007s] Level 1:colcon.colcon_core.package_identification:_identify(src/carto_test) by extension 'ignore'
[7.008s] Level 1:colcon.colcon_core.package_identification:_identify(src/carto_test) by extension 'ignore_ament_install'
[7.008s] Level 1:colcon.colcon_core.package_identification:_identify(src/carto_test) by extensions ['colcon_pkg']
[7.008s] Level 1:colcon.colcon_core.package_identification:_identify(src/carto_test) by extension 'colcon_pkg'
[7.009s] Level 1:colcon.colcon_core.package_identification:_identify(src/carto_test) by extensions ['colcon_meta']
[7.009s] Level 1:colcon.colcon_core.package_identification:_identify(src/carto_test) by extension 'colcon_meta'
[7.014s] Level 1:colcon.colcon_core.package_identification:_identify(src/carto_test) by extensions ['ros']
[7.014s] Level 1:colcon.colcon_core.package_identification:_identify(src/carto_test) by extension 'ros'
[7.024s] DEBUG:colcon.colcon_core.package_identification:Package 'src/carto_test' with type 'ros.ament_python' and name 'carto_test'
[7.025s] Level 1:colcon.colcon_core.package_discovery:discover_packages(recursive) using defaults
[7.025s] Level 1:colcon.colcon_core.package_discovery:discover_packages(ignore) discover
[7.026s] Level 1:colcon.colcon_core.package_discovery:discover_packages(ignore) using defaults
[7.026s] Level 1:colcon.colcon_core.package_discovery:discover_packages(path) discover
[7.026s] Level 1:colcon.colcon_core.package_discovery:discover_packages(path) using defaults
[7.603s] Level 1:colcon.colcon_core.package_discovery:discover_packages(prefix_path) check parameters
[7.604s] Level 1:colcon.colcon_core.package_discovery:discover_packages(prefix_path) discover
[7.809s] DEBUG:colcon.colcon_installed_package_information.package_discovery:Found 361 installed packages in /opt/ros/humble
[7.818s] Level 1:colcon.colcon_core.package_discovery:discover_packages(prefix_path) using defaults
[8.474s] Level 5:colcon.colcon_core.verb:set package 'carto_test' build argument 'cmake_args' from command line to 'None'
[8.475s] Level 5:colcon.colcon_core.verb:set package 'carto_test' build argument 'cmake_target' from command line to 'None'
[8.475s] Level 5:colcon.colcon_core.verb:set package 'carto_test' build argument 'cmake_target_skip_unavailable' from command line to 'False'
[8.475s] Level 5:colcon.colcon_core.verb:set package 'carto_test' build argument 'cmake_clean_cache' from command line to 'False'
[8.475s] Level 5:colcon.colcon_core.verb:set package 'carto_test' build argument 'cmake_clean_first' from command line to 'False'
[8.475s] Level 5:colcon.colcon_core.verb:set package 'carto_test' build argument 'cmake_force_configure' from command line to 'False'
[8.476s] Level 5:colcon.colcon_core.verb:set package 'carto_test' build argument 'ament_cmake_args' from command line to 'None'
[8.476s] Level 5:colcon.colcon_core.verb:set package 'carto_test' build argument 'catkin_cmake_args' from command line to 'None'
[8.476s] Level 5:colcon.colcon_core.verb:set package 'carto_test' build argument 'catkin_skip_building_tests' from command line to 'False'
[8.476s] DEBUG:colcon.colcon_core.verb:Building package 'carto_test' with the following arguments: {'ament_cmake_args': None, 'build_base': '/home/masa/slam_ws/build/carto_test', 'catkin_cmake_args': None, 'catkin_skip_building_tests': False, 'cmake_args': None, 'cmake_clean_cache': False, 'cmake_clean_first': False, 'cmake_force_configure': False, 'cmake_target': None, 'cmake_target_skip_unavailable': False, 'install_base': '/home/masa/slam_ws/install/carto_test', 'merge_install': False, 'path': '/home/masa/slam_ws/src/carto_test', 'symlink_install': False, 'test_result_base': None}
[8.571s] INFO:colcon.colcon_core.executor:Executing jobs using 'parallel' executor
[8.665s] DEBUG:colcon.colcon_parallel_executor.executor.parallel:run_until_complete
[8.666s] INFO:colcon.colcon_ros.task.ament_python.build:Building ROS package in '/home/masa/slam_ws/src/carto_test' with build type 'ament_python'
[8.668s] Level 1:colcon.colcon_core.shell:create_environment_hook('carto_test', 'ament_prefix_path')
[8.778s] INFO:colcon.colcon_core.plugin_system:Skipping extension 'colcon_core.shell.bat': Not used on non-Windows systems
[8.779s] INFO:colcon.colcon_core.shell:Creating environment hook '/home/masa/slam_ws/install/carto_test/share/carto_test/hook/ament_prefix_path.ps1'
[8.783s] INFO:colcon.colcon_core.shell:Creating environment descriptor '/home/masa/slam_ws/install/carto_test/share/carto_test/hook/ament_prefix_path.dsv'
[8.787s] INFO:colcon.colcon_core.shell:Creating environment hook '/home/masa/slam_ws/install/carto_test/share/carto_test/hook/ament_prefix_path.sh'
[8.892s] INFO:colcon.colcon_core.shell:Skip shell extension 'powershell' for command environment: Not usable outside of PowerShell
[8.892s] DEBUG:colcon.colcon_core.shell:Skip shell extension 'dsv' for command environment
[10.688s] INFO:colcon.colcon_core.task.python.build:Building Python package in '/home/masa/slam_ws/src/carto_test'
[10.810s] INFO:colcon.colcon_core.shell:Skip shell extension 'powershell' for command environment: Not usable outside of PowerShell
[10.812s] DEBUG:colcon.colcon_core.shell:Skip shell extension 'dsv' for command environment
[12.963s] DEBUG:colcon.colcon_core.event_handler.log_command:Invoking command in '/home/masa/slam_ws/src/carto_test': PYTHONPATH=/home/masa/slam_ws/build/carto_test/prefix_override:/home/masa/slam_ws/install/carto_test/lib/python3.10/site-packages:${PYTHONPATH} /usr/bin/python3 setup.py egg_info --egg-base ../../build/carto_test build --build-base /home/masa/slam_ws/build/carto_test/build install --record /home/masa/slam_ws/build/carto_test/install.log --single-version-externally-managed
[14.691s] DEBUG:colcon.colcon_core.event_handler.log_command:Invoked command in '/home/masa/slam_ws/src/carto_test' returned '0': PYTHONPATH=/home/masa/slam_ws/build/carto_test/prefix_override:/home/masa/slam_ws/install/carto_test/lib/python3.10/site-packages:${PYTHONPATH} /usr/bin/python3 setup.py egg_info --egg-base ../../build/carto_test build --build-base /home/masa/slam_ws/build/carto_test/build install --record /home/masa/slam_ws/build/carto_test/install.log --single-version-externally-managed
[14.784s] Level 1:colcon.colcon_core.environment:checking '/home/masa/slam_ws/install/carto_test' for CMake module files
[14.787s] Level 1:colcon.colcon_core.environment:checking '/home/masa/slam_ws/install/carto_test' for CMake config files
[14.792s] Level 1:colcon.colcon_core.environment:checking '/home/masa/slam_ws/install/carto_test/lib'
[14.793s] Level 1:colcon.colcon_core.environment:checking '/home/masa/slam_ws/install/carto_test/bin'
[14.794s] Level 1:colcon.colcon_core.environment:checking '/home/masa/slam_ws/install/carto_test/lib/pkgconfig/carto_test.pc'
[14.795s] Level 1:colcon.colcon_core.environment:checking '/home/masa/slam_ws/install/carto_test/lib/python3.10/site-packages'
[14.795s] Level 1:colcon.colcon_core.shell:create_environment_hook('carto_test', 'pythonpath')
[14.893s] INFO:colcon.colcon_core.shell:Creating environment hook '/home/masa/slam_ws/install/carto_test/share/carto_test/hook/pythonpath.ps1'
[14.896s] INFO:colcon.colcon_core.shell:Creating environment descriptor '/home/masa/slam_ws/install/carto_test/share/carto_test/hook/pythonpath.dsv'
[14.898s] INFO:colcon.colcon_core.shell:Creating environment hook '/home/masa/slam_ws/install/carto_test/share/carto_test/hook/pythonpath.sh'
[14.901s] Level 1:colcon.colcon_core.environment:checking '/home/masa/slam_ws/install/carto_test/bin'
[14.902s] Level 1:colcon.colcon_core.environment:create_environment_scripts_only(carto_test)
[14.998s] INFO:colcon.colcon_core.shell:Creating package script '/home/masa/slam_ws/install/carto_test/share/carto_test/package.ps1'
[15.002s] INFO:colcon.colcon_core.shell:Creating package descriptor '/home/masa/slam_ws/install/carto_test/share/carto_test/package.dsv'
[15.005s] INFO:colcon.colcon_core.shell:Creating package script '/home/masa/slam_ws/install/carto_test/share/carto_test/package.sh'
[15.009s] INFO:colcon.colcon_core.shell:Creating package script '/home/masa/slam_ws/install/carto_test/share/carto_test/package.bash'
[15.013s] INFO:colcon.colcon_core.shell:Creating package script '/home/masa/slam_ws/install/carto_test/share/carto_test/package.zsh'
[15.016s] Level 1:colcon.colcon_core.environment:create_file_with_runtime_dependencies(/home/masa/slam_ws/install/carto_test/share/colcon-core/packages/carto_test)
[15.020s] DEBUG:colcon.colcon_parallel_executor.executor.parallel:closing loop
[15.021s] DEBUG:colcon.colcon_parallel_executor.executor.parallel:loop closed
[15.022s] DEBUG:colcon.colcon_parallel_executor.executor.parallel:run_until_complete finished with '0'
[15.022s] DEBUG:colcon.colcon_core.event_reactor:joining thread
[15.147s] INFO:colcon.colcon_core.plugin_system:Skipping extension 'colcon_notification.desktop_notification.terminal_notifier': Not used on non-Darwin systems
[15.148s] INFO:colcon.colcon_core.plugin_system:Skipping extension 'colcon_notification.desktop_notification.win32': Not used on non-Windows systems
[15.148s] INFO:colcon.colcon_notification.desktop_notification:Sending desktop notification using 'notify2'
[15.229s] DEBUG:colcon.colcon_core.event_reactor:joined thread
[15.378s] INFO:colcon.colcon_core.shell:Creating prefix script '/home/masa/slam_ws/install/local_setup.ps1'
[15.383s] INFO:colcon.colcon_core.shell:Creating prefix util module '/home/masa/slam_ws/install/_local_setup_util_ps1.py'
[15.391s] INFO:colcon.colcon_core.shell:Creating prefix chain script '/home/masa/slam_ws/install/setup.ps1'
[15.524s] INFO:colcon.colcon_core.shell:Creating prefix script '/home/masa/slam_ws/install/local_setup.sh'
[15.528s] INFO:colcon.colcon_core.shell:Creating prefix util module '/home/masa/slam_ws/install/_local_setup_util_sh.py'
[15.532s] INFO:colcon.colcon_core.shell:Creating prefix chain script '/home/masa/slam_ws/install/setup.sh'
[15.643s] INFO:colcon.colcon_core.shell:Creating prefix script '/home/masa/slam_ws/install/local_setup.bash'
[15.646s] INFO:colcon.colcon_core.shell:Creating prefix chain script '/home/masa/slam_ws/install/setup.bash'
[15.753s] INFO:colcon.colcon_core.shell:Creating prefix script '/home/masa/slam_ws/install/local_setup.zsh'
[15.756s] INFO:colcon.colcon_core.shell:Creating prefix chain script '/home/masa/slam_ws/install/setup.zsh'
