[6.444s] DEBUG:colcon:Command line arguments: ['/usr/bin/colcon', 'build']
[6.445s] DEBUG:colcon:Parsed command line arguments: Namespace(log_base=None, log_level=None, verb_name='build', build_base='build', install_base='install', merge_install=False, symlink_install=False, test_result_base=None, continue_on_error=False, executor='parallel', parallel_workers=4, event_handlers=None, ignore_user_meta=False, metas=['./colcon.meta'], base_paths=['.'], packages_ignore=None, packages_ignore_regex=None, paths=None, packages_up_to=None, packages_up_to_regex=None, packages_above=None, packages_above_and_dependencies=None, packages_above_depth=None, packages_select_by_dep=None, packages_skip_by_dep=None, packages_skip_up_to=None, packages_select_build_failed=False, packages_skip_build_finished=False, packages_select_test_failures=False, packages_skip_test_passed=False, packages_select=None, packages_skip=None, packages_select_regex=None, packages_skip_regex=None, packages_start=None, packages_end=None, allow_overriding=[], cmake_args=None, cmake_target=None, cmake_target_skip_unavailable=False, cmake_clean_cache=False, cmake_clean_first=False, cmake_force_configure=False, ament_cmake_args=None, catkin_cmake_args=None, catkin_skip_building_tests=False, verb_parser=<colcon_defaults.argument_parser.defaults.DefaultArgumentsDecorator object at 0xffff8704b970>, verb_extension=<colcon_core.verb.build.BuildVerb object at 0xffff870499c0>, main=<bound method BuildVerb.main of <colcon_core.verb.build.BuildVerb object at 0xffff870499c0>>)
[6.743s] Level 1:colcon.colcon_core.package_discovery:discover_packages(colcon_meta) check parameters
[6.743s] Level 1:colcon.colcon_core.package_discovery:discover_packages(recursive) check parameters
[6.744s] Level 1:colcon.colcon_core.package_discovery:discover_packages(ignore) check parameters
[6.744s] Level 1:colcon.colcon_core.package_discovery:discover_packages(path) check parameters
[6.744s] Level 1:colcon.colcon_core.package_discovery:discover_packages(colcon_meta) discover
[6.744s] Level 1:colcon.colcon_core.package_discovery:discover_packages(recursive) discover
[6.745s] INFO:colcon.colcon_core.package_discovery:Crawling recursively for packages in '/home/masa/slam_ws'
[6.745s] Level 1:colcon.colcon_core.package_identification:_identify(.) by extensions ['ignore', 'ignore_ament_install']
[6.746s] Level 1:colcon.colcon_core.package_identification:_identify(.) by extension 'ignore'
[6.746s] Level 1:colcon.colcon_core.package_identification:_identify(.) by extension 'ignore_ament_install'
[6.746s] Level 1:colcon.colcon_core.package_identification:_identify(.) by extensions ['colcon_pkg']
[6.747s] Level 1:colcon.colcon_core.package_identification:_identify(.) by extension 'colcon_pkg'
[6.747s] Level 1:colcon.colcon_core.package_identification:_identify(.) by extensions ['colcon_meta']
[6.747s] Level 1:colcon.colcon_core.package_identification:_identify(.) by extension 'colcon_meta'
[6.747s] Level 1:colcon.colcon_core.package_identification:_identify(.) by extensions ['ros']
[6.747s] Level 1:colcon.colcon_core.package_identification:_identify(.) by extension 'ros'
[6.800s] Level 1:colcon.colcon_core.package_identification:_identify(.) by extensions ['cmake', 'python']
[6.801s] Level 1:colcon.colcon_core.package_identification:_identify(.) by extension 'cmake'
[6.801s] Level 1:colcon.colcon_core.package_identification:_identify(.) by extension 'python'
[6.801s] Level 1:colcon.colcon_core.package_identification:_identify(.) by extensions ['python_setup_py']
[6.802s] Level 1:colcon.colcon_core.package_identification:_identify(.) by extension 'python_setup_py'
[6.802s] Level 1:colcon.colcon_core.package_identification:_identify(build) by extensions ['ignore', 'ignore_ament_install']
[6.803s] Level 1:colcon.colcon_core.package_identification:_identify(build) by extension 'ignore'
[6.803s] Level 1:colcon.colcon_core.package_identification:_identify(build) ignored
[6.804s] Level 1:colcon.colcon_core.package_identification:_identify(install) by extensions ['ignore', 'ignore_ament_install']
[6.805s] Level 1:colcon.colcon_core.package_identification:_identify(install) by extension 'ignore'
[6.805s] Level 1:colcon.colcon_core.package_identification:_identify(install) ignored
[6.806s] Level 1:colcon.colcon_core.package_identification:_identify(log) by extensions ['ignore', 'ignore_ament_install']
[6.806s] Level 1:colcon.colcon_core.package_identification:_identify(log) by extension 'ignore'
[6.807s] Level 1:colcon.colcon_core.package_identification:_identify(log) ignored
[6.807s] Level 1:colcon.colcon_core.package_identification:_identify(src) by extensions ['ignore', 'ignore_ament_install']
[6.808s] Level 1:colcon.colcon_core.package_identification:_identify(src) by extension 'ignore'
[6.808s] Level 1:colcon.colcon_core.package_identification:_identify(src) by extension 'ignore_ament_install'
[6.808s] Level 1:colcon.colcon_core.package_identification:_identify(src) by extensions ['colcon_pkg']
[6.809s] Level 1:colcon.colcon_core.package_identification:_identify(src) by extension 'colcon_pkg'
[6.809s] Level 1:colcon.colcon_core.package_identification:_identify(src) by extensions ['colcon_meta']
[6.809s] Level 1:colcon.colcon_core.package_identification:_identify(src) by extension 'colcon_meta'
[6.809s] Level 1:colcon.colcon_core.package_identification:_identify(src) by extensions ['ros']
[6.810s] Level 1:colcon.colcon_core.package_identification:_identify(src) by extension 'ros'
[6.810s] Level 1:colcon.colcon_core.package_identification:_identify(src) by extensions ['cmake', 'python']
[6.810s] Level 1:colcon.colcon_core.package_identification:_identify(src) by extension 'cmake'
[6.811s] Level 1:colcon.colcon_core.package_identification:_identify(src) by extension 'python'
[6.811s] Level 1:colcon.colcon_core.package_identification:_identify(src) by extensions ['python_setup_py']
[6.811s] Level 1:colcon.colcon_core.package_identification:_identify(src) by extension 'python_setup_py'
[6.812s] Level 1:colcon.colcon_core.package_identification:_identify(src/carto_test) by extensions ['ignore', 'ignore_ament_install']
[6.812s] Level 1:colcon.colcon_core.package_identification:_identify(src/carto_test) by extension 'ignore'
[6.813s] Level 1:colcon.colcon_core.package_identification:_identify(src/carto_test) by extension 'ignore_ament_install'
[6.813s] Level 1:colcon.colcon_core.package_identification:_identify(src/carto_test) by extensions ['colcon_pkg']
[6.814s] Level 1:colcon.colcon_core.package_identification:_identify(src/carto_test) by extension 'colcon_pkg'
[6.814s] Level 1:colcon.colcon_core.package_identification:_identify(src/carto_test) by extensions ['colcon_meta']
[6.814s] Level 1:colcon.colcon_core.package_identification:_identify(src/carto_test) by extension 'colcon_meta'
[6.815s] Level 1:colcon.colcon_core.package_identification:_identify(src/carto_test) by extensions ['ros']
[6.815s] Level 1:colcon.colcon_core.package_identification:_identify(src/carto_test) by extension 'ros'
[6.826s] DEBUG:colcon.colcon_core.package_identification:Package 'src/carto_test' with type 'ros.ament_python' and name 'carto_test'
[6.826s] Level 1:colcon.colcon_core.package_discovery:discover_packages(recursive) using defaults
[6.827s] Level 1:colcon.colcon_core.package_discovery:discover_packages(ignore) discover
[6.827s] Level 1:colcon.colcon_core.package_discovery:discover_packages(ignore) using defaults
[6.828s] Level 1:colcon.colcon_core.package_discovery:discover_packages(path) discover
[6.828s] Level 1:colcon.colcon_core.package_discovery:discover_packages(path) using defaults
[7.413s] Level 1:colcon.colcon_core.package_discovery:discover_packages(prefix_path) check parameters
[7.413s] Level 1:colcon.colcon_core.package_discovery:discover_packages(prefix_path) discover
[7.618s] DEBUG:colcon.colcon_installed_package_information.package_discovery:Found 361 installed packages in /opt/ros/humble
[7.627s] Level 1:colcon.colcon_core.package_discovery:discover_packages(prefix_path) using defaults
[8.242s] Level 5:colcon.colcon_core.verb:set package 'carto_test' build argument 'cmake_args' from command line to 'None'
[8.244s] Level 5:colcon.colcon_core.verb:set package 'carto_test' build argument 'cmake_target' from command line to 'None'
[8.244s] Level 5:colcon.colcon_core.verb:set package 'carto_test' build argument 'cmake_target_skip_unavailable' from command line to 'False'
[8.244s] Level 5:colcon.colcon_core.verb:set package 'carto_test' build argument 'cmake_clean_cache' from command line to 'False'
[8.245s] Level 5:colcon.colcon_core.verb:set package 'carto_test' build argument 'cmake_clean_first' from command line to 'False'
[8.245s] Level 5:colcon.colcon_core.verb:set package 'carto_test' build argument 'cmake_force_configure' from command line to 'False'
[8.245s] Level 5:colcon.colcon_core.verb:set package 'carto_test' build argument 'ament_cmake_args' from command line to 'None'
[8.245s] Level 5:colcon.colcon_core.verb:set package 'carto_test' build argument 'catkin_cmake_args' from command line to 'None'
[8.245s] Level 5:colcon.colcon_core.verb:set package 'carto_test' build argument 'catkin_skip_building_tests' from command line to 'False'
[8.245s] DEBUG:colcon.colcon_core.verb:Building package 'carto_test' with the following arguments: {'ament_cmake_args': None, 'build_base': '/home/masa/slam_ws/build/carto_test', 'catkin_cmake_args': None, 'catkin_skip_building_tests': False, 'cmake_args': None, 'cmake_clean_cache': False, 'cmake_clean_first': False, 'cmake_force_configure': False, 'cmake_target': None, 'cmake_target_skip_unavailable': False, 'install_base': '/home/masa/slam_ws/install/carto_test', 'merge_install': False, 'path': '/home/masa/slam_ws/src/carto_test', 'symlink_install': False, 'test_result_base': None}
[8.339s] INFO:colcon.colcon_core.executor:Executing jobs using 'parallel' executor
[8.432s] DEBUG:colcon.colcon_parallel_executor.executor.parallel:run_until_complete
[8.433s] INFO:colcon.colcon_ros.task.ament_python.build:Building ROS package in '/home/masa/slam_ws/src/carto_test' with build type 'ament_python'
[8.433s] Level 1:colcon.colcon_core.shell:create_environment_hook('carto_test', 'ament_prefix_path')
[8.538s] INFO:colcon.colcon_core.plugin_system:Skipping extension 'colcon_core.shell.bat': Not used on non-Windows systems
[8.539s] INFO:colcon.colcon_core.shell:Creating environment hook '/home/masa/slam_ws/install/carto_test/share/carto_test/hook/ament_prefix_path.ps1'
[8.542s] INFO:colcon.colcon_core.shell:Creating environment descriptor '/home/masa/slam_ws/install/carto_test/share/carto_test/hook/ament_prefix_path.dsv'
[8.546s] INFO:colcon.colcon_core.shell:Creating environment hook '/home/masa/slam_ws/install/carto_test/share/carto_test/hook/ament_prefix_path.sh'
[8.643s] INFO:colcon.colcon_core.shell:Skip shell extension 'powershell' for command environment: Not usable outside of PowerShell
[8.644s] DEBUG:colcon.colcon_core.shell:Skip shell extension 'dsv' for command environment
[10.328s] INFO:colcon.colcon_core.task.python.build:Building Python package in '/home/masa/slam_ws/src/carto_test'
[10.427s] INFO:colcon.colcon_core.shell:Skip shell extension 'powershell' for command environment: Not usable outside of PowerShell
[10.427s] DEBUG:colcon.colcon_core.shell:Skip shell extension 'dsv' for command environment
[12.530s] DEBUG:colcon.colcon_core.event_handler.log_command:Invoking command in '/home/masa/slam_ws/src/carto_test': PYTHONPATH=/home/masa/slam_ws/build/carto_test/prefix_override:/home/masa/slam_ws/install/carto_test/lib/python3.10/site-packages:${PYTHONPATH} /usr/bin/python3 setup.py egg_info --egg-base ../../build/carto_test build --build-base /home/masa/slam_ws/build/carto_test/build install --record /home/masa/slam_ws/build/carto_test/install.log --single-version-externally-managed
[14.220s] DEBUG:colcon.colcon_core.event_handler.log_command:Invoked command in '/home/masa/slam_ws/src/carto_test' returned '0': PYTHONPATH=/home/masa/slam_ws/build/carto_test/prefix_override:/home/masa/slam_ws/install/carto_test/lib/python3.10/site-packages:${PYTHONPATH} /usr/bin/python3 setup.py egg_info --egg-base ../../build/carto_test build --build-base /home/masa/slam_ws/build/carto_test/build install --record /home/masa/slam_ws/build/carto_test/install.log --single-version-externally-managed
[14.329s] Level 1:colcon.colcon_core.environment:checking '/home/masa/slam_ws/install/carto_test' for CMake module files
[14.332s] Level 1:colcon.colcon_core.environment:checking '/home/masa/slam_ws/install/carto_test' for CMake config files
[14.336s] Level 1:colcon.colcon_core.environment:checking '/home/masa/slam_ws/install/carto_test/lib'
[14.337s] Level 1:colcon.colcon_core.environment:checking '/home/masa/slam_ws/install/carto_test/bin'
[14.338s] Level 1:colcon.colcon_core.environment:checking '/home/masa/slam_ws/install/carto_test/lib/pkgconfig/carto_test.pc'
[14.339s] Level 1:colcon.colcon_core.environment:checking '/home/masa/slam_ws/install/carto_test/lib/python3.10/site-packages'
[14.339s] Level 1:colcon.colcon_core.shell:create_environment_hook('carto_test', 'pythonpath')
[14.435s] INFO:colcon.colcon_core.shell:Creating environment hook '/home/masa/slam_ws/install/carto_test/share/carto_test/hook/pythonpath.ps1'
[14.438s] INFO:colcon.colcon_core.shell:Creating environment descriptor '/home/masa/slam_ws/install/carto_test/share/carto_test/hook/pythonpath.dsv'
[14.441s] INFO:colcon.colcon_core.shell:Creating environment hook '/home/masa/slam_ws/install/carto_test/share/carto_test/hook/pythonpath.sh'
[14.444s] Level 1:colcon.colcon_core.environment:checking '/home/masa/slam_ws/install/carto_test/bin'
[14.445s] Level 1:colcon.colcon_core.environment:create_environment_scripts_only(carto_test)
[14.544s] INFO:colcon.colcon_core.shell:Creating package script '/home/masa/slam_ws/install/carto_test/share/carto_test/package.ps1'
[14.548s] INFO:colcon.colcon_core.shell:Creating package descriptor '/home/masa/slam_ws/install/carto_test/share/carto_test/package.dsv'
[14.551s] INFO:colcon.colcon_core.shell:Creating package script '/home/masa/slam_ws/install/carto_test/share/carto_test/package.sh'
[14.555s] INFO:colcon.colcon_core.shell:Creating package script '/home/masa/slam_ws/install/carto_test/share/carto_test/package.bash'
[14.559s] INFO:colcon.colcon_core.shell:Creating package script '/home/masa/slam_ws/install/carto_test/share/carto_test/package.zsh'
[14.563s] Level 1:colcon.colcon_core.environment:create_file_with_runtime_dependencies(/home/masa/slam_ws/install/carto_test/share/colcon-core/packages/carto_test)
[14.567s] DEBUG:colcon.colcon_parallel_executor.executor.parallel:closing loop
[14.568s] DEBUG:colcon.colcon_parallel_executor.executor.parallel:loop closed
[14.569s] DEBUG:colcon.colcon_parallel_executor.executor.parallel:run_until_complete finished with '0'
[14.569s] DEBUG:colcon.colcon_core.event_reactor:joining thread
[14.687s] INFO:colcon.colcon_core.plugin_system:Skipping extension 'colcon_notification.desktop_notification.terminal_notifier': Not used on non-Darwin systems
[14.687s] INFO:colcon.colcon_core.plugin_system:Skipping extension 'colcon_notification.desktop_notification.win32': Not used on non-Windows systems
[14.688s] INFO:colcon.colcon_notification.desktop_notification:Sending desktop notification using 'notify2'
[14.775s] DEBUG:colcon.colcon_core.event_reactor:joined thread
[14.909s] INFO:colcon.colcon_core.shell:Creating prefix script '/home/masa/slam_ws/install/local_setup.ps1'
[14.913s] INFO:colcon.colcon_core.shell:Creating prefix util module '/home/masa/slam_ws/install/_local_setup_util_ps1.py'
[14.920s] INFO:colcon.colcon_core.shell:Creating prefix chain script '/home/masa/slam_ws/install/setup.ps1'
[15.023s] INFO:colcon.colcon_core.shell:Creating prefix script '/home/masa/slam_ws/install/local_setup.sh'
[15.026s] INFO:colcon.colcon_core.shell:Creating prefix util module '/home/masa/slam_ws/install/_local_setup_util_sh.py'
[15.029s] INFO:colcon.colcon_core.shell:Creating prefix chain script '/home/masa/slam_ws/install/setup.sh'
[15.126s] INFO:colcon.colcon_core.shell:Creating prefix script '/home/masa/slam_ws/install/local_setup.bash'
[15.129s] INFO:colcon.colcon_core.shell:Creating prefix chain script '/home/masa/slam_ws/install/setup.bash'
[15.220s] INFO:colcon.colcon_core.shell:Creating prefix script '/home/masa/slam_ws/install/local_setup.zsh'
[15.222s] INFO:colcon.colcon_core.shell:Creating prefix chain script '/home/masa/slam_ws/install/setup.zsh'
