[6.566s] DEBUG:colcon:Command line arguments: ['/usr/bin/colcon', 'build']
[6.566s] DEBUG:colcon:Parsed command line arguments: Namespace(log_base=None, log_level=None, verb_name='build', build_base='build', install_base='install', merge_install=False, symlink_install=False, test_result_base=None, continue_on_error=False, executor='parallel', parallel_workers=4, event_handlers=None, ignore_user_meta=False, metas=['./colcon.meta'], base_paths=['.'], packages_ignore=None, packages_ignore_regex=None, paths=None, packages_up_to=None, packages_up_to_regex=None, packages_above=None, packages_above_and_dependencies=None, packages_above_depth=None, packages_select_by_dep=None, packages_skip_by_dep=None, packages_skip_up_to=None, packages_select_build_failed=False, packages_skip_build_finished=False, packages_select_test_failures=False, packages_skip_test_passed=False, packages_select=None, packages_skip=None, packages_select_regex=None, packages_skip_regex=None, packages_start=None, packages_end=None, allow_overriding=[], cmake_args=None, cmake_target=None, cmake_target_skip_unavailable=False, cmake_clean_cache=False, cmake_clean_first=False, cmake_force_configure=False, ament_cmake_args=None, catkin_cmake_args=None, catkin_skip_building_tests=False, verb_parser=<colcon_defaults.argument_parser.defaults.DefaultArgumentsDecorator object at 0xffffa705a530>, verb_extension=<colcon_core.verb.build.BuildVerb object at 0xffffa7059fc0>, main=<bound method BuildVerb.main of <colcon_core.verb.build.BuildVerb object at 0xffffa7059fc0>>)
[6.865s] Level 1:colcon.colcon_core.package_discovery:discover_packages(colcon_meta) check parameters
[6.866s] Level 1:colcon.colcon_core.package_discovery:discover_packages(recursive) check parameters
[6.866s] Level 1:colcon.colcon_core.package_discovery:discover_packages(ignore) check parameters
[6.866s] Level 1:colcon.colcon_core.package_discovery:discover_packages(path) check parameters
[6.866s] Level 1:colcon.colcon_core.package_discovery:discover_packages(colcon_meta) discover
[6.867s] Level 1:colcon.colcon_core.package_discovery:discover_packages(recursive) discover
[6.867s] INFO:colcon.colcon_core.package_discovery:Crawling recursively for packages in '/home/masa/slam_ws'
[6.867s] Level 1:colcon.colcon_core.package_identification:_identify(.) by extensions ['ignore', 'ignore_ament_install']
[6.868s] Level 1:colcon.colcon_core.package_identification:_identify(.) by extension 'ignore'
[6.868s] Level 1:colcon.colcon_core.package_identification:_identify(.) by extension 'ignore_ament_install'
[6.869s] Level 1:colcon.colcon_core.package_identification:_identify(.) by extensions ['colcon_pkg']
[6.869s] Level 1:colcon.colcon_core.package_identification:_identify(.) by extension 'colcon_pkg'
[6.869s] Level 1:colcon.colcon_core.package_identification:_identify(.) by extensions ['colcon_meta']
[6.870s] Level 1:colcon.colcon_core.package_identification:_identify(.) by extension 'colcon_meta'
[6.870s] Level 1:colcon.colcon_core.package_identification:_identify(.) by extensions ['ros']
[6.870s] Level 1:colcon.colcon_core.package_identification:_identify(.) by extension 'ros'
[6.929s] Level 1:colcon.colcon_core.package_identification:_identify(.) by extensions ['cmake', 'python']
[6.930s] Level 1:colcon.colcon_core.package_identification:_identify(.) by extension 'cmake'
[6.930s] Level 1:colcon.colcon_core.package_identification:_identify(.) by extension 'python'
[6.930s] Level 1:colcon.colcon_core.package_identification:_identify(.) by extensions ['python_setup_py']
[6.931s] Level 1:colcon.colcon_core.package_identification:_identify(.) by extension 'python_setup_py'
[6.931s] Level 1:colcon.colcon_core.package_identification:_identify(build) by extensions ['ignore', 'ignore_ament_install']
[6.932s] Level 1:colcon.colcon_core.package_identification:_identify(build) by extension 'ignore'
[6.932s] Level 1:colcon.colcon_core.package_identification:_identify(build) ignored
[6.934s] Level 1:colcon.colcon_core.package_identification:_identify(install) by extensions ['ignore', 'ignore_ament_install']
[6.934s] Level 1:colcon.colcon_core.package_identification:_identify(install) by extension 'ignore'
[6.935s] Level 1:colcon.colcon_core.package_identification:_identify(install) ignored
[6.936s] Level 1:colcon.colcon_core.package_identification:_identify(log) by extensions ['ignore', 'ignore_ament_install']
[6.936s] Level 1:colcon.colcon_core.package_identification:_identify(log) by extension 'ignore'
[6.937s] Level 1:colcon.colcon_core.package_identification:_identify(log) ignored
[6.937s] Level 1:colcon.colcon_core.package_identification:_identify(src) by extensions ['ignore', 'ignore_ament_install']
[6.938s] Level 1:colcon.colcon_core.package_identification:_identify(src) by extension 'ignore'
[6.939s] Level 1:colcon.colcon_core.package_identification:_identify(src) by extension 'ignore_ament_install'
[6.939s] Level 1:colcon.colcon_core.package_identification:_identify(src) by extensions ['colcon_pkg']
[6.939s] Level 1:colcon.colcon_core.package_identification:_identify(src) by extension 'colcon_pkg'
[6.940s] Level 1:colcon.colcon_core.package_identification:_identify(src) by extensions ['colcon_meta']
[6.940s] Level 1:colcon.colcon_core.package_identification:_identify(src) by extension 'colcon_meta'
[6.940s] Level 1:colcon.colcon_core.package_identification:_identify(src) by extensions ['ros']
[6.941s] Level 1:colcon.colcon_core.package_identification:_identify(src) by extension 'ros'
[6.941s] Level 1:colcon.colcon_core.package_identification:_identify(src) by extensions ['cmake', 'python']
[6.942s] Level 1:colcon.colcon_core.package_identification:_identify(src) by extension 'cmake'
[6.942s] Level 1:colcon.colcon_core.package_identification:_identify(src) by extension 'python'
[6.942s] Level 1:colcon.colcon_core.package_identification:_identify(src) by extensions ['python_setup_py']
[6.942s] Level 1:colcon.colcon_core.package_identification:_identify(src) by extension 'python_setup_py'
[6.943s] Level 1:colcon.colcon_core.package_identification:_identify(src/carto_test) by extensions ['ignore', 'ignore_ament_install']
[6.944s] Level 1:colcon.colcon_core.package_identification:_identify(src/carto_test) by extension 'ignore'
[6.945s] Level 1:colcon.colcon_core.package_identification:_identify(src/carto_test) by extension 'ignore_ament_install'
[6.945s] Level 1:colcon.colcon_core.package_identification:_identify(src/carto_test) by extensions ['colcon_pkg']
[6.946s] Level 1:colcon.colcon_core.package_identification:_identify(src/carto_test) by extension 'colcon_pkg'
[6.946s] Level 1:colcon.colcon_core.package_identification:_identify(src/carto_test) by extensions ['colcon_meta']
[6.946s] Level 1:colcon.colcon_core.package_identification:_identify(src/carto_test) by extension 'colcon_meta'
[6.947s] Level 1:colcon.colcon_core.package_identification:_identify(src/carto_test) by extensions ['ros']
[6.947s] Level 1:colcon.colcon_core.package_identification:_identify(src/carto_test) by extension 'ros'
[6.958s] DEBUG:colcon.colcon_core.package_identification:Package 'src/carto_test' with type 'ros.ament_python' and name 'carto_test'
[6.958s] Level 1:colcon.colcon_core.package_discovery:discover_packages(recursive) using defaults
[6.958s] Level 1:colcon.colcon_core.package_discovery:discover_packages(ignore) discover
[6.959s] Level 1:colcon.colcon_core.package_discovery:discover_packages(ignore) using defaults
[6.959s] Level 1:colcon.colcon_core.package_discovery:discover_packages(path) discover
[6.959s] Level 1:colcon.colcon_core.package_discovery:discover_packages(path) using defaults
[7.510s] Level 1:colcon.colcon_core.package_discovery:discover_packages(prefix_path) check parameters
[7.511s] Level 1:colcon.colcon_core.package_discovery:discover_packages(prefix_path) discover
[7.708s] DEBUG:colcon.colcon_installed_package_information.package_discovery:Found 361 installed packages in /opt/ros/humble
[7.717s] Level 1:colcon.colcon_core.package_discovery:discover_packages(prefix_path) using defaults
[8.388s] Level 5:colcon.colcon_core.verb:set package 'carto_test' build argument 'cmake_args' from command line to 'None'
[8.389s] Level 5:colcon.colcon_core.verb:set package 'carto_test' build argument 'cmake_target' from command line to 'None'
[8.389s] Level 5:colcon.colcon_core.verb:set package 'carto_test' build argument 'cmake_target_skip_unavailable' from command line to 'False'
[8.389s] Level 5:colcon.colcon_core.verb:set package 'carto_test' build argument 'cmake_clean_cache' from command line to 'False'
[8.389s] Level 5:colcon.colcon_core.verb:set package 'carto_test' build argument 'cmake_clean_first' from command line to 'False'
[8.390s] Level 5:colcon.colcon_core.verb:set package 'carto_test' build argument 'cmake_force_configure' from command line to 'False'
[8.390s] Level 5:colcon.colcon_core.verb:set package 'carto_test' build argument 'ament_cmake_args' from command line to 'None'
[8.390s] Level 5:colcon.colcon_core.verb:set package 'carto_test' build argument 'catkin_cmake_args' from command line to 'None'
[8.390s] Level 5:colcon.colcon_core.verb:set package 'carto_test' build argument 'catkin_skip_building_tests' from command line to 'False'
[8.390s] DEBUG:colcon.colcon_core.verb:Building package 'carto_test' with the following arguments: {'ament_cmake_args': None, 'build_base': '/home/masa/slam_ws/build/carto_test', 'catkin_cmake_args': None, 'catkin_skip_building_tests': False, 'cmake_args': None, 'cmake_clean_cache': False, 'cmake_clean_first': False, 'cmake_force_configure': False, 'cmake_target': None, 'cmake_target_skip_unavailable': False, 'install_base': '/home/masa/slam_ws/install/carto_test', 'merge_install': False, 'path': '/home/masa/slam_ws/src/carto_test', 'symlink_install': False, 'test_result_base': None}
[8.485s] INFO:colcon.colcon_core.executor:Executing jobs using 'parallel' executor
[8.585s] DEBUG:colcon.colcon_parallel_executor.executor.parallel:run_until_complete
[8.588s] INFO:colcon.colcon_ros.task.ament_python.build:Building ROS package in '/home/masa/slam_ws/src/carto_test' with build type 'ament_python'
[8.589s] Level 1:colcon.colcon_core.shell:create_environment_hook('carto_test', 'ament_prefix_path')
[8.719s] INFO:colcon.colcon_core.plugin_system:Skipping extension 'colcon_core.shell.bat': Not used on non-Windows systems
[8.720s] INFO:colcon.colcon_core.shell:Creating environment hook '/home/masa/slam_ws/install/carto_test/share/carto_test/hook/ament_prefix_path.ps1'
[8.723s] INFO:colcon.colcon_core.shell:Creating environment descriptor '/home/masa/slam_ws/install/carto_test/share/carto_test/hook/ament_prefix_path.dsv'
[8.726s] INFO:colcon.colcon_core.shell:Creating environment hook '/home/masa/slam_ws/install/carto_test/share/carto_test/hook/ament_prefix_path.sh'
[8.845s] INFO:colcon.colcon_core.shell:Skip shell extension 'powershell' for command environment: Not usable outside of PowerShell
[8.846s] DEBUG:colcon.colcon_core.shell:Skip shell extension 'dsv' for command environment
[11.045s] INFO:colcon.colcon_core.task.python.build:Building Python package in '/home/masa/slam_ws/src/carto_test'
[11.138s] INFO:colcon.colcon_core.shell:Skip shell extension 'powershell' for command environment: Not usable outside of PowerShell
[11.139s] DEBUG:colcon.colcon_core.shell:Skip shell extension 'dsv' for command environment
[13.286s] DEBUG:colcon.colcon_core.event_handler.log_command:Invoking command in '/home/masa/slam_ws/src/carto_test': PYTHONPATH=/home/masa/slam_ws/build/carto_test/prefix_override:/home/masa/slam_ws/install/carto_test/lib/python3.10/site-packages:${PYTHONPATH} /usr/bin/python3 setup.py egg_info --egg-base ../../build/carto_test build --build-base /home/masa/slam_ws/build/carto_test/build install --record /home/masa/slam_ws/build/carto_test/install.log --single-version-externally-managed
[14.998s] DEBUG:colcon.colcon_core.event_handler.log_command:Invoked command in '/home/masa/slam_ws/src/carto_test' returned '0': PYTHONPATH=/home/masa/slam_ws/build/carto_test/prefix_override:/home/masa/slam_ws/install/carto_test/lib/python3.10/site-packages:${PYTHONPATH} /usr/bin/python3 setup.py egg_info --egg-base ../../build/carto_test build --build-base /home/masa/slam_ws/build/carto_test/build install --record /home/masa/slam_ws/build/carto_test/install.log --single-version-externally-managed
[15.097s] Level 1:colcon.colcon_core.environment:checking '/home/masa/slam_ws/install/carto_test' for CMake module files
[15.100s] Level 1:colcon.colcon_core.environment:checking '/home/masa/slam_ws/install/carto_test' for CMake config files
[15.105s] Level 1:colcon.colcon_core.environment:checking '/home/masa/slam_ws/install/carto_test/lib'
[15.106s] Level 1:colcon.colcon_core.environment:checking '/home/masa/slam_ws/install/carto_test/bin'
[15.106s] Level 1:colcon.colcon_core.environment:checking '/home/masa/slam_ws/install/carto_test/lib/pkgconfig/carto_test.pc'
[15.108s] Level 1:colcon.colcon_core.environment:checking '/home/masa/slam_ws/install/carto_test/lib/python3.10/site-packages'
[15.108s] Level 1:colcon.colcon_core.shell:create_environment_hook('carto_test', 'pythonpath')
[15.197s] INFO:colcon.colcon_core.shell:Creating environment hook '/home/masa/slam_ws/install/carto_test/share/carto_test/hook/pythonpath.ps1'
[15.199s] INFO:colcon.colcon_core.shell:Creating environment descriptor '/home/masa/slam_ws/install/carto_test/share/carto_test/hook/pythonpath.dsv'
[15.201s] INFO:colcon.colcon_core.shell:Creating environment hook '/home/masa/slam_ws/install/carto_test/share/carto_test/hook/pythonpath.sh'
[15.205s] Level 1:colcon.colcon_core.environment:checking '/home/masa/slam_ws/install/carto_test/bin'
[15.205s] Level 1:colcon.colcon_core.environment:create_environment_scripts_only(carto_test)
[15.294s] INFO:colcon.colcon_core.shell:Creating package script '/home/masa/slam_ws/install/carto_test/share/carto_test/package.ps1'
[15.298s] INFO:colcon.colcon_core.shell:Creating package descriptor '/home/masa/slam_ws/install/carto_test/share/carto_test/package.dsv'
[15.302s] INFO:colcon.colcon_core.shell:Creating package script '/home/masa/slam_ws/install/carto_test/share/carto_test/package.sh'
[15.306s] INFO:colcon.colcon_core.shell:Creating package script '/home/masa/slam_ws/install/carto_test/share/carto_test/package.bash'
[15.309s] INFO:colcon.colcon_core.shell:Creating package script '/home/masa/slam_ws/install/carto_test/share/carto_test/package.zsh'
[15.313s] Level 1:colcon.colcon_core.environment:create_file_with_runtime_dependencies(/home/masa/slam_ws/install/carto_test/share/colcon-core/packages/carto_test)
[15.317s] DEBUG:colcon.colcon_parallel_executor.executor.parallel:closing loop
[15.318s] DEBUG:colcon.colcon_parallel_executor.executor.parallel:loop closed
[15.318s] DEBUG:colcon.colcon_parallel_executor.executor.parallel:run_until_complete finished with '0'
[15.319s] DEBUG:colcon.colcon_core.event_reactor:joining thread
[15.447s] INFO:colcon.colcon_core.plugin_system:Skipping extension 'colcon_notification.desktop_notification.terminal_notifier': Not used on non-Darwin systems
[15.447s] INFO:colcon.colcon_core.plugin_system:Skipping extension 'colcon_notification.desktop_notification.win32': Not used on non-Windows systems
[15.448s] INFO:colcon.colcon_notification.desktop_notification:Sending desktop notification using 'notify2'
[15.536s] DEBUG:colcon.colcon_core.event_reactor:joined thread
[15.684s] INFO:colcon.colcon_core.shell:Creating prefix script '/home/masa/slam_ws/install/local_setup.ps1'
[15.688s] INFO:colcon.colcon_core.shell:Creating prefix util module '/home/masa/slam_ws/install/_local_setup_util_ps1.py'
[15.695s] INFO:colcon.colcon_core.shell:Creating prefix chain script '/home/masa/slam_ws/install/setup.ps1'
[15.796s] INFO:colcon.colcon_core.shell:Creating prefix script '/home/masa/slam_ws/install/local_setup.sh'
[15.799s] INFO:colcon.colcon_core.shell:Creating prefix util module '/home/masa/slam_ws/install/_local_setup_util_sh.py'
[15.802s] INFO:colcon.colcon_core.shell:Creating prefix chain script '/home/masa/slam_ws/install/setup.sh'
[15.901s] INFO:colcon.colcon_core.shell:Creating prefix script '/home/masa/slam_ws/install/local_setup.bash'
[15.904s] INFO:colcon.colcon_core.shell:Creating prefix chain script '/home/masa/slam_ws/install/setup.bash'
[16.005s] INFO:colcon.colcon_core.shell:Creating prefix script '/home/masa/slam_ws/install/local_setup.zsh'
[16.008s] INFO:colcon.colcon_core.shell:Creating prefix chain script '/home/masa/slam_ws/install/setup.zsh'
