[8.603s] DEBUG:colcon:Command line arguments: ['/usr/bin/colcon', 'build']
[8.603s] DEBUG:colcon:Parsed command line arguments: Namespace(log_base=None, log_level=None, verb_name='build', build_base='build', install_base='install', merge_install=False, symlink_install=False, test_result_base=None, continue_on_error=False, executor='parallel', parallel_workers=4, event_handlers=None, ignore_user_meta=False, metas=['./colcon.meta'], base_paths=['.'], packages_ignore=None, packages_ignore_regex=None, paths=None, packages_up_to=None, packages_up_to_regex=None, packages_above=None, packages_above_and_dependencies=None, packages_above_depth=None, packages_select_by_dep=None, packages_skip_by_dep=None, packages_skip_up_to=None, packages_select_build_failed=False, packages_skip_build_finished=False, packages_select_test_failures=False, packages_skip_test_passed=False, packages_select=None, packages_skip=None, packages_select_regex=None, packages_skip_regex=None, packages_start=None, packages_end=None, allow_overriding=[], cmake_args=None, cmake_target=None, cmake_target_skip_unavailable=False, cmake_clean_cache=False, cmake_clean_first=False, cmake_force_configure=False, ament_cmake_args=None, catkin_cmake_args=None, catkin_skip_building_tests=False, verb_parser=<colcon_defaults.argument_parser.defaults.DefaultArgumentsDecorator object at 0xffff91f3a9e0>, verb_extension=<colcon_core.verb.build.BuildVerb object at 0xffff91f39a20>, main=<bound method BuildVerb.main of <colcon_core.verb.build.BuildVerb object at 0xffff91f39a20>>)
[8.951s] Level 1:colcon.colcon_core.package_discovery:discover_packages(colcon_meta) check parameters
[8.952s] Level 1:colcon.colcon_core.package_discovery:discover_packages(recursive) check parameters
[8.952s] Level 1:colcon.colcon_core.package_discovery:discover_packages(ignore) check parameters
[8.952s] Level 1:colcon.colcon_core.package_discovery:discover_packages(path) check parameters
[8.953s] Level 1:colcon.colcon_core.package_discovery:discover_packages(colcon_meta) discover
[8.953s] Level 1:colcon.colcon_core.package_discovery:discover_packages(recursive) discover
[8.953s] INFO:colcon.colcon_core.package_discovery:Crawling recursively for packages in '/home/masa/slam_ws'
[8.954s] Level 1:colcon.colcon_core.package_identification:_identify(.) by extensions ['ignore', 'ignore_ament_install']
[8.954s] Level 1:colcon.colcon_core.package_identification:_identify(.) by extension 'ignore'
[8.955s] Level 1:colcon.colcon_core.package_identification:_identify(.) by extension 'ignore_ament_install'
[8.955s] Level 1:colcon.colcon_core.package_identification:_identify(.) by extensions ['colcon_pkg']
[8.955s] Level 1:colcon.colcon_core.package_identification:_identify(.) by extension 'colcon_pkg'
[8.957s] Level 1:colcon.colcon_core.package_identification:_identify(.) by extensions ['colcon_meta']
[8.957s] Level 1:colcon.colcon_core.package_identification:_identify(.) by extension 'colcon_meta'
[8.957s] Level 1:colcon.colcon_core.package_identification:_identify(.) by extensions ['ros']
[8.958s] Level 1:colcon.colcon_core.package_identification:_identify(.) by extension 'ros'
[9.042s] Level 1:colcon.colcon_core.package_identification:_identify(.) by extensions ['cmake', 'python']
[9.042s] Level 1:colcon.colcon_core.package_identification:_identify(.) by extension 'cmake'
[9.043s] Level 1:colcon.colcon_core.package_identification:_identify(.) by extension 'python'
[9.043s] Level 1:colcon.colcon_core.package_identification:_identify(.) by extensions ['python_setup_py']
[9.043s] Level 1:colcon.colcon_core.package_identification:_identify(.) by extension 'python_setup_py'
[9.044s] Level 1:colcon.colcon_core.package_identification:_identify(build) by extensions ['ignore', 'ignore_ament_install']
[9.045s] Level 1:colcon.colcon_core.package_identification:_identify(build) by extension 'ignore'
[9.045s] Level 1:colcon.colcon_core.package_identification:_identify(build) ignored
[9.046s] Level 1:colcon.colcon_core.package_identification:_identify(install) by extensions ['ignore', 'ignore_ament_install']
[9.047s] Level 1:colcon.colcon_core.package_identification:_identify(install) by extension 'ignore'
[9.048s] Level 1:colcon.colcon_core.package_identification:_identify(install) ignored
[9.049s] Level 1:colcon.colcon_core.package_identification:_identify(log) by extensions ['ignore', 'ignore_ament_install']
[9.050s] Level 1:colcon.colcon_core.package_identification:_identify(log) by extension 'ignore'
[9.051s] Level 1:colcon.colcon_core.package_identification:_identify(log) ignored
[9.053s] Level 1:colcon.colcon_core.package_identification:_identify(src) by extensions ['ignore', 'ignore_ament_install']
[9.054s] Level 1:colcon.colcon_core.package_identification:_identify(src) by extension 'ignore'
[9.054s] Level 1:colcon.colcon_core.package_identification:_identify(src) by extension 'ignore_ament_install'
[9.055s] Level 1:colcon.colcon_core.package_identification:_identify(src) by extensions ['colcon_pkg']
[9.055s] Level 1:colcon.colcon_core.package_identification:_identify(src) by extension 'colcon_pkg'
[9.056s] Level 1:colcon.colcon_core.package_identification:_identify(src) by extensions ['colcon_meta']
[9.056s] Level 1:colcon.colcon_core.package_identification:_identify(src) by extension 'colcon_meta'
[9.056s] Level 1:colcon.colcon_core.package_identification:_identify(src) by extensions ['ros']
[9.056s] Level 1:colcon.colcon_core.package_identification:_identify(src) by extension 'ros'
[9.057s] Level 1:colcon.colcon_core.package_identification:_identify(src) by extensions ['cmake', 'python']
[9.057s] Level 1:colcon.colcon_core.package_identification:_identify(src) by extension 'cmake'
[9.057s] Level 1:colcon.colcon_core.package_identification:_identify(src) by extension 'python'
[9.058s] Level 1:colcon.colcon_core.package_identification:_identify(src) by extensions ['python_setup_py']
[9.058s] Level 1:colcon.colcon_core.package_identification:_identify(src) by extension 'python_setup_py'
[9.058s] Level 1:colcon.colcon_core.package_identification:_identify(src/carto_test) by extensions ['ignore', 'ignore_ament_install']
[9.059s] Level 1:colcon.colcon_core.package_identification:_identify(src/carto_test) by extension 'ignore'
[9.059s] Level 1:colcon.colcon_core.package_identification:_identify(src/carto_test) by extension 'ignore_ament_install'
[9.060s] Level 1:colcon.colcon_core.package_identification:_identify(src/carto_test) by extensions ['colcon_pkg']
[9.060s] Level 1:colcon.colcon_core.package_identification:_identify(src/carto_test) by extension 'colcon_pkg'
[9.060s] Level 1:colcon.colcon_core.package_identification:_identify(src/carto_test) by extensions ['colcon_meta']
[9.060s] Level 1:colcon.colcon_core.package_identification:_identify(src/carto_test) by extension 'colcon_meta'
[9.061s] Level 1:colcon.colcon_core.package_identification:_identify(src/carto_test) by extensions ['ros']
[9.061s] Level 1:colcon.colcon_core.package_identification:_identify(src/carto_test) by extension 'ros'
[9.074s] DEBUG:colcon.colcon_core.package_identification:Package 'src/carto_test' with type 'ros.ament_python' and name 'carto_test'
[9.074s] Level 1:colcon.colcon_core.package_discovery:discover_packages(recursive) using defaults
[9.074s] Level 1:colcon.colcon_core.package_discovery:discover_packages(ignore) discover
[9.075s] Level 1:colcon.colcon_core.package_discovery:discover_packages(ignore) using defaults
[9.075s] Level 1:colcon.colcon_core.package_discovery:discover_packages(path) discover
[9.075s] Level 1:colcon.colcon_core.package_discovery:discover_packages(path) using defaults
[9.705s] Level 1:colcon.colcon_core.package_discovery:discover_packages(prefix_path) check parameters
[9.706s] Level 1:colcon.colcon_core.package_discovery:discover_packages(prefix_path) discover
[9.909s] DEBUG:colcon.colcon_installed_package_information.package_discovery:Found 361 installed packages in /opt/ros/humble
[9.918s] Level 1:colcon.colcon_core.package_discovery:discover_packages(prefix_path) using defaults
[10.615s] Level 5:colcon.colcon_core.verb:set package 'carto_test' build argument 'cmake_args' from command line to 'None'
[10.616s] Level 5:colcon.colcon_core.verb:set package 'carto_test' build argument 'cmake_target' from command line to 'None'
[10.616s] Level 5:colcon.colcon_core.verb:set package 'carto_test' build argument 'cmake_target_skip_unavailable' from command line to 'False'
[10.616s] Level 5:colcon.colcon_core.verb:set package 'carto_test' build argument 'cmake_clean_cache' from command line to 'False'
[10.616s] Level 5:colcon.colcon_core.verb:set package 'carto_test' build argument 'cmake_clean_first' from command line to 'False'
[10.617s] Level 5:colcon.colcon_core.verb:set package 'carto_test' build argument 'cmake_force_configure' from command line to 'False'
[10.617s] Level 5:colcon.colcon_core.verb:set package 'carto_test' build argument 'ament_cmake_args' from command line to 'None'
[10.617s] Level 5:colcon.colcon_core.verb:set package 'carto_test' build argument 'catkin_cmake_args' from command line to 'None'
[10.617s] Level 5:colcon.colcon_core.verb:set package 'carto_test' build argument 'catkin_skip_building_tests' from command line to 'False'
[10.617s] DEBUG:colcon.colcon_core.verb:Building package 'carto_test' with the following arguments: {'ament_cmake_args': None, 'build_base': '/home/masa/slam_ws/build/carto_test', 'catkin_cmake_args': None, 'catkin_skip_building_tests': False, 'cmake_args': None, 'cmake_clean_cache': False, 'cmake_clean_first': False, 'cmake_force_configure': False, 'cmake_target': None, 'cmake_target_skip_unavailable': False, 'install_base': '/home/masa/slam_ws/install/carto_test', 'merge_install': False, 'path': '/home/masa/slam_ws/src/carto_test', 'symlink_install': False, 'test_result_base': None}
[10.716s] INFO:colcon.colcon_core.executor:Executing jobs using 'parallel' executor
[10.811s] DEBUG:colcon.colcon_parallel_executor.executor.parallel:run_until_complete
[10.812s] INFO:colcon.colcon_ros.task.ament_python.build:Building ROS package in '/home/masa/slam_ws/src/carto_test' with build type 'ament_python'
[10.813s] Level 1:colcon.colcon_core.shell:create_environment_hook('carto_test', 'ament_prefix_path')
[10.919s] INFO:colcon.colcon_core.plugin_system:Skipping extension 'colcon_core.shell.bat': Not used on non-Windows systems
[10.920s] INFO:colcon.colcon_core.shell:Creating environment hook '/home/masa/slam_ws/install/carto_test/share/carto_test/hook/ament_prefix_path.ps1'
[10.923s] INFO:colcon.colcon_core.shell:Creating environment descriptor '/home/masa/slam_ws/install/carto_test/share/carto_test/hook/ament_prefix_path.dsv'
[10.926s] INFO:colcon.colcon_core.shell:Creating environment hook '/home/masa/slam_ws/install/carto_test/share/carto_test/hook/ament_prefix_path.sh'
[11.037s] INFO:colcon.colcon_core.shell:Skip shell extension 'powershell' for command environment: Not usable outside of PowerShell
[11.037s] DEBUG:colcon.colcon_core.shell:Skip shell extension 'dsv' for command environment
[12.981s] INFO:colcon.colcon_core.task.python.build:Building Python package in '/home/masa/slam_ws/src/carto_test'
[13.084s] INFO:colcon.colcon_core.shell:Skip shell extension 'powershell' for command environment: Not usable outside of PowerShell
[13.084s] DEBUG:colcon.colcon_core.shell:Skip shell extension 'dsv' for command environment
[15.255s] DEBUG:colcon.colcon_core.event_handler.log_command:Invoking command in '/home/masa/slam_ws/src/carto_test': PYTHONPATH=/home/masa/slam_ws/build/carto_test/prefix_override:/home/masa/slam_ws/install/carto_test/lib/python3.10/site-packages:${PYTHONPATH} /usr/bin/python3 setup.py egg_info --egg-base ../../build/carto_test build --build-base /home/masa/slam_ws/build/carto_test/build install --record /home/masa/slam_ws/build/carto_test/install.log --single-version-externally-managed
[17.072s] DEBUG:colcon.colcon_core.event_handler.log_command:Invoked command in '/home/masa/slam_ws/src/carto_test' returned '0': PYTHONPATH=/home/masa/slam_ws/build/carto_test/prefix_override:/home/masa/slam_ws/install/carto_test/lib/python3.10/site-packages:${PYTHONPATH} /usr/bin/python3 setup.py egg_info --egg-base ../../build/carto_test build --build-base /home/masa/slam_ws/build/carto_test/build install --record /home/masa/slam_ws/build/carto_test/install.log --single-version-externally-managed
[17.172s] Level 1:colcon.colcon_core.environment:checking '/home/masa/slam_ws/install/carto_test' for CMake module files
[17.176s] Level 1:colcon.colcon_core.environment:checking '/home/masa/slam_ws/install/carto_test' for CMake config files
[17.181s] Level 1:colcon.colcon_core.environment:checking '/home/masa/slam_ws/install/carto_test/lib'
[17.182s] Level 1:colcon.colcon_core.environment:checking '/home/masa/slam_ws/install/carto_test/bin'
[17.183s] Level 1:colcon.colcon_core.environment:checking '/home/masa/slam_ws/install/carto_test/lib/pkgconfig/carto_test.pc'
[17.184s] Level 1:colcon.colcon_core.environment:checking '/home/masa/slam_ws/install/carto_test/lib/python3.10/site-packages'
[17.185s] Level 1:colcon.colcon_core.shell:create_environment_hook('carto_test', 'pythonpath')
[17.307s] INFO:colcon.colcon_core.shell:Creating environment hook '/home/masa/slam_ws/install/carto_test/share/carto_test/hook/pythonpath.ps1'
[17.309s] INFO:colcon.colcon_core.shell:Creating environment descriptor '/home/masa/slam_ws/install/carto_test/share/carto_test/hook/pythonpath.dsv'
[17.312s] INFO:colcon.colcon_core.shell:Creating environment hook '/home/masa/slam_ws/install/carto_test/share/carto_test/hook/pythonpath.sh'
[17.315s] Level 1:colcon.colcon_core.environment:checking '/home/masa/slam_ws/install/carto_test/bin'
[17.316s] Level 1:colcon.colcon_core.environment:create_environment_scripts_only(carto_test)
[17.425s] INFO:colcon.colcon_core.shell:Creating package script '/home/masa/slam_ws/install/carto_test/share/carto_test/package.ps1'
[17.429s] INFO:colcon.colcon_core.shell:Creating package descriptor '/home/masa/slam_ws/install/carto_test/share/carto_test/package.dsv'
[17.433s] INFO:colcon.colcon_core.shell:Creating package script '/home/masa/slam_ws/install/carto_test/share/carto_test/package.sh'
[17.437s] INFO:colcon.colcon_core.shell:Creating package script '/home/masa/slam_ws/install/carto_test/share/carto_test/package.bash'
[17.441s] INFO:colcon.colcon_core.shell:Creating package script '/home/masa/slam_ws/install/carto_test/share/carto_test/package.zsh'
[17.444s] Level 1:colcon.colcon_core.environment:create_file_with_runtime_dependencies(/home/masa/slam_ws/install/carto_test/share/colcon-core/packages/carto_test)
[17.448s] DEBUG:colcon.colcon_parallel_executor.executor.parallel:closing loop
[17.450s] DEBUG:colcon.colcon_parallel_executor.executor.parallel:loop closed
[17.451s] DEBUG:colcon.colcon_parallel_executor.executor.parallel:run_until_complete finished with '0'
[17.451s] DEBUG:colcon.colcon_core.event_reactor:joining thread
[17.580s] INFO:colcon.colcon_core.plugin_system:Skipping extension 'colcon_notification.desktop_notification.terminal_notifier': Not used on non-Darwin systems
[17.580s] INFO:colcon.colcon_core.plugin_system:Skipping extension 'colcon_notification.desktop_notification.win32': Not used on non-Windows systems
[17.581s] INFO:colcon.colcon_notification.desktop_notification:Sending desktop notification using 'notify2'
[17.660s] DEBUG:colcon.colcon_core.event_reactor:joined thread
[17.816s] INFO:colcon.colcon_core.shell:Creating prefix script '/home/masa/slam_ws/install/local_setup.ps1'
[17.825s] INFO:colcon.colcon_core.shell:Creating prefix util module '/home/masa/slam_ws/install/_local_setup_util_ps1.py'
[17.832s] INFO:colcon.colcon_core.shell:Creating prefix chain script '/home/masa/slam_ws/install/setup.ps1'
[17.943s] INFO:colcon.colcon_core.shell:Creating prefix script '/home/masa/slam_ws/install/local_setup.sh'
[17.946s] INFO:colcon.colcon_core.shell:Creating prefix util module '/home/masa/slam_ws/install/_local_setup_util_sh.py'
[17.949s] INFO:colcon.colcon_core.shell:Creating prefix chain script '/home/masa/slam_ws/install/setup.sh'
[18.074s] INFO:colcon.colcon_core.shell:Creating prefix script '/home/masa/slam_ws/install/local_setup.bash'
[18.077s] INFO:colcon.colcon_core.shell:Creating prefix chain script '/home/masa/slam_ws/install/setup.bash'
[18.199s] INFO:colcon.colcon_core.shell:Creating prefix script '/home/masa/slam_ws/install/local_setup.zsh'
[18.202s] INFO:colcon.colcon_core.shell:Creating prefix chain script '/home/masa/slam_ws/install/setup.zsh'
