[19.047s] DEBUG:colcon:Command line arguments: ['/usr/bin/colcon', 'build', '--symlink-install']
[19.047s] DEBUG:colcon:Parsed command line arguments: Namespace(log_base=None, log_level=None, verb_name='build', build_base='build', install_base='install', merge_install=False, symlink_install=True, test_result_base=None, continue_on_error=False, executor='parallel', parallel_workers=4, event_handlers=None, ignore_user_meta=False, metas=['./colcon.meta'], base_paths=['.'], packages_ignore=None, packages_ignore_regex=None, paths=None, packages_up_to=None, packages_up_to_regex=None, packages_above=None, packages_above_and_dependencies=None, packages_above_depth=None, packages_select_by_dep=None, packages_skip_by_dep=None, packages_skip_up_to=None, packages_select_build_failed=False, packages_skip_build_finished=False, packages_select_test_failures=False, packages_skip_test_passed=False, packages_select=None, packages_skip=None, packages_select_regex=None, packages_skip_regex=None, packages_start=None, packages_end=None, allow_overriding=[], cmake_args=None, cmake_target=None, cmake_target_skip_unavailable=False, cmake_clean_cache=False, cmake_clean_first=False, cmake_force_configure=False, ament_cmake_args=None, catkin_cmake_args=None, catkin_skip_building_tests=False, verb_parser=<colcon_defaults.argument_parser.defaults.DefaultArgumentsDecorator object at 0xffffa6e35330>, verb_extension=<colcon_core.verb.build.BuildVerb object at 0xffffa6e379a0>, main=<bound method BuildVerb.main of <colcon_core.verb.build.BuildVerb object at 0xffffa6e379a0>>)
[20.048s] Level 1:colcon.colcon_core.package_discovery:discover_packages(colcon_meta) check parameters
[20.049s] Level 1:colcon.colcon_core.package_discovery:discover_packages(recursive) check parameters
[20.049s] Level 1:colcon.colcon_core.package_discovery:discover_packages(ignore) check parameters
[20.050s] Level 1:colcon.colcon_core.package_discovery:discover_packages(path) check parameters
[20.050s] Level 1:colcon.colcon_core.package_discovery:discover_packages(colcon_meta) discover
[20.050s] Level 1:colcon.colcon_core.package_discovery:discover_packages(recursive) discover
[20.059s] INFO:colcon.colcon_core.package_discovery:Crawling recursively for packages in '/home/masa/slam_ws'
[20.060s] Level 1:colcon.colcon_core.package_identification:_identify(.) by extensions ['ignore', 'ignore_ament_install']
[20.063s] Level 1:colcon.colcon_core.package_identification:_identify(.) by extension 'ignore'
[20.066s] Level 1:colcon.colcon_core.package_identification:_identify(.) by extension 'ignore_ament_install'
[20.068s] Level 1:colcon.colcon_core.package_identification:_identify(.) by extensions ['colcon_pkg']
[20.069s] Level 1:colcon.colcon_core.package_identification:_identify(.) by extension 'colcon_pkg'
[20.069s] Level 1:colcon.colcon_core.package_identification:_identify(.) by extensions ['colcon_meta']
[20.069s] Level 1:colcon.colcon_core.package_identification:_identify(.) by extension 'colcon_meta'
[20.070s] Level 1:colcon.colcon_core.package_identification:_identify(.) by extensions ['ros']
[20.070s] Level 1:colcon.colcon_core.package_identification:_identify(.) by extension 'ros'
[20.222s] Level 1:colcon.colcon_core.package_identification:_identify(.) by extensions ['cmake', 'python']
[20.223s] Level 1:colcon.colcon_core.package_identification:_identify(.) by extension 'cmake'
[20.225s] Level 1:colcon.colcon_core.package_identification:_identify(.) by extension 'python'
[20.226s] Level 1:colcon.colcon_core.package_identification:_identify(.) by extensions ['python_setup_py']
[20.227s] Level 1:colcon.colcon_core.package_identification:_identify(.) by extension 'python_setup_py'
[20.229s] Level 1:colcon.colcon_core.package_identification:_identify(build) by extensions ['ignore', 'ignore_ament_install']
[20.231s] Level 1:colcon.colcon_core.package_identification:_identify(build) by extension 'ignore'
[20.236s] Level 1:colcon.colcon_core.package_identification:_identify(build) ignored
[20.239s] Level 1:colcon.colcon_core.package_identification:_identify(install) by extensions ['ignore', 'ignore_ament_install']
[20.241s] Level 1:colcon.colcon_core.package_identification:_identify(install) by extension 'ignore'
[20.242s] Level 1:colcon.colcon_core.package_identification:_identify(install) ignored
[20.246s] Level 1:colcon.colcon_core.package_identification:_identify(log) by extensions ['ignore', 'ignore_ament_install']
[20.248s] Level 1:colcon.colcon_core.package_identification:_identify(log) by extension 'ignore'
[20.250s] Level 1:colcon.colcon_core.package_identification:_identify(log) ignored
[20.252s] Level 1:colcon.colcon_core.package_identification:_identify(src) by extensions ['ignore', 'ignore_ament_install']
[20.257s] Level 1:colcon.colcon_core.package_identification:_identify(src) by extension 'ignore'
[20.258s] Level 1:colcon.colcon_core.package_identification:_identify(src) by extension 'ignore_ament_install'
[20.259s] Level 1:colcon.colcon_core.package_identification:_identify(src) by extensions ['colcon_pkg']
[20.260s] Level 1:colcon.colcon_core.package_identification:_identify(src) by extension 'colcon_pkg'
[20.261s] Level 1:colcon.colcon_core.package_identification:_identify(src) by extensions ['colcon_meta']
[20.262s] Level 1:colcon.colcon_core.package_identification:_identify(src) by extension 'colcon_meta'
[20.264s] Level 1:colcon.colcon_core.package_identification:_identify(src) by extensions ['ros']
[20.265s] Level 1:colcon.colcon_core.package_identification:_identify(src) by extension 'ros'
[20.267s] Level 1:colcon.colcon_core.package_identification:_identify(src) by extensions ['cmake', 'python']
[20.268s] Level 1:colcon.colcon_core.package_identification:_identify(src) by extension 'cmake'
[20.269s] Level 1:colcon.colcon_core.package_identification:_identify(src) by extension 'python'
[20.270s] Level 1:colcon.colcon_core.package_identification:_identify(src) by extensions ['python_setup_py']
[20.275s] Level 1:colcon.colcon_core.package_identification:_identify(src) by extension 'python_setup_py'
[20.277s] Level 1:colcon.colcon_core.package_identification:_identify(src/carto_test) by extensions ['ignore', 'ignore_ament_install']
[20.280s] Level 1:colcon.colcon_core.package_identification:_identify(src/carto_test) by extension 'ignore'
[20.284s] Level 1:colcon.colcon_core.package_identification:_identify(src/carto_test) by extension 'ignore_ament_install'
[20.285s] Level 1:colcon.colcon_core.package_identification:_identify(src/carto_test) by extensions ['colcon_pkg']
[20.286s] Level 1:colcon.colcon_core.package_identification:_identify(src/carto_test) by extension 'colcon_pkg'
[20.287s] Level 1:colcon.colcon_core.package_identification:_identify(src/carto_test) by extensions ['colcon_meta']
[20.287s] Level 1:colcon.colcon_core.package_identification:_identify(src/carto_test) by extension 'colcon_meta'
[20.288s] Level 1:colcon.colcon_core.package_identification:_identify(src/carto_test) by extensions ['ros']
[20.288s] Level 1:colcon.colcon_core.package_identification:_identify(src/carto_test) by extension 'ros'
[20.316s] DEBUG:colcon.colcon_core.package_identification:Package 'src/carto_test' with type 'ros.ament_python' and name 'carto_test'
[20.317s] Level 1:colcon.colcon_core.package_discovery:discover_packages(recursive) using defaults
[20.318s] Level 1:colcon.colcon_core.package_discovery:discover_packages(ignore) discover
[20.320s] Level 1:colcon.colcon_core.package_discovery:discover_packages(ignore) using defaults
[20.322s] Level 1:colcon.colcon_core.package_discovery:discover_packages(path) discover
[20.323s] Level 1:colcon.colcon_core.package_discovery:discover_packages(path) using defaults
[22.028s] Level 1:colcon.colcon_core.package_discovery:discover_packages(prefix_path) check parameters
[22.028s] Level 1:colcon.colcon_core.package_discovery:discover_packages(prefix_path) discover
[22.558s] DEBUG:colcon.colcon_installed_package_information.package_discovery:Found 1 installed packages in /home/masa/slam_ws/install
[22.867s] DEBUG:colcon.colcon_installed_package_information.package_discovery:Found 361 installed packages in /opt/ros/humble
[22.879s] Level 1:colcon.colcon_core.package_discovery:discover_packages(prefix_path) using defaults
[24.437s] Level 5:colcon.colcon_core.verb:set package 'carto_test' build argument 'cmake_args' from command line to 'None'
[24.438s] Level 5:colcon.colcon_core.verb:set package 'carto_test' build argument 'cmake_target' from command line to 'None'
[24.438s] Level 5:colcon.colcon_core.verb:set package 'carto_test' build argument 'cmake_target_skip_unavailable' from command line to 'False'
[24.438s] Level 5:colcon.colcon_core.verb:set package 'carto_test' build argument 'cmake_clean_cache' from command line to 'False'
[24.438s] Level 5:colcon.colcon_core.verb:set package 'carto_test' build argument 'cmake_clean_first' from command line to 'False'
[24.439s] Level 5:colcon.colcon_core.verb:set package 'carto_test' build argument 'cmake_force_configure' from command line to 'False'
[24.450s] Level 5:colcon.colcon_core.verb:set package 'carto_test' build argument 'ament_cmake_args' from command line to 'None'
[24.450s] Level 5:colcon.colcon_core.verb:set package 'carto_test' build argument 'catkin_cmake_args' from command line to 'None'
[24.451s] Level 5:colcon.colcon_core.verb:set package 'carto_test' build argument 'catkin_skip_building_tests' from command line to 'False'
[24.451s] DEBUG:colcon.colcon_core.verb:Building package 'carto_test' with the following arguments: {'ament_cmake_args': None, 'build_base': '/home/masa/slam_ws/build/carto_test', 'catkin_cmake_args': None, 'catkin_skip_building_tests': False, 'cmake_args': None, 'cmake_clean_cache': False, 'cmake_clean_first': False, 'cmake_force_configure': False, 'cmake_target': None, 'cmake_target_skip_unavailable': False, 'install_base': '/home/masa/slam_ws/install/carto_test', 'merge_install': False, 'path': '/home/masa/slam_ws/src/carto_test', 'symlink_install': True, 'test_result_base': None}
[24.773s] INFO:colcon.colcon_core.executor:Executing jobs using 'parallel' executor
[25.079s] DEBUG:colcon.colcon_parallel_executor.executor.parallel:run_until_complete
[25.084s] INFO:colcon.colcon_ros.task.ament_python.build:Building ROS package in '/home/masa/slam_ws/src/carto_test' with build type 'ament_python'
[25.085s] Level 1:colcon.colcon_core.shell:create_environment_hook('carto_test', 'ament_prefix_path')
[25.471s] INFO:colcon.colcon_core.plugin_system:Skipping extension 'colcon_core.shell.bat': Not used on non-Windows systems
[25.474s] INFO:colcon.colcon_core.shell:Creating environment hook '/home/masa/slam_ws/install/carto_test/share/carto_test/hook/ament_prefix_path.ps1'
[25.508s] INFO:colcon.colcon_core.shell:Creating environment descriptor '/home/masa/slam_ws/install/carto_test/share/carto_test/hook/ament_prefix_path.dsv'
[25.516s] INFO:colcon.colcon_core.shell:Creating environment hook '/home/masa/slam_ws/install/carto_test/share/carto_test/hook/ament_prefix_path.sh'
[26.057s] INFO:colcon.colcon_core.shell:Skip shell extension 'powershell' for command environment: Not usable outside of PowerShell
[26.058s] DEBUG:colcon.colcon_core.shell:Skip shell extension 'dsv' for command environment
[31.674s] INFO:colcon.colcon_core.task.python.build:Building Python package in '/home/masa/slam_ws/src/carto_test'
[32.054s] INFO:colcon.colcon_core.shell:Skip shell extension 'powershell' for command environment: Not usable outside of PowerShell
[32.056s] DEBUG:colcon.colcon_core.shell:Skip shell extension 'dsv' for command environment
[37.645s] DEBUG:colcon.colcon_core.event_handler.log_command:Invoking command in '/home/masa/slam_ws/build/carto_test': PYTHONPATH=/home/masa/slam_ws/build/carto_test/prefix_override:/home/masa/slam_ws/install/carto_test/lib/python3.10/site-packages:${PYTHONPATH} /usr/bin/python3 setup.py develop --editable --build-directory /home/masa/slam_ws/build/carto_test/build --no-deps install_data
[45.073s] Level 1:colcon.colcon_core.shell:create_environment_hook('carto_test', 'pythonpath_develop')
[45.100s] DEBUG:colcon.colcon_core.event_handler.log_command:Invoked command in '/home/masa/slam_ws/build/carto_test' returned '0': PYTHONPATH=/home/masa/slam_ws/build/carto_test/prefix_override:/home/masa/slam_ws/install/carto_test/lib/python3.10/site-packages:${PYTHONPATH} /usr/bin/python3 setup.py develop --editable --build-directory /home/masa/slam_ws/build/carto_test/build --no-deps install_data
[45.470s] INFO:colcon.colcon_core.shell:Creating environment hook '/home/masa/slam_ws/build/carto_test/share/carto_test/hook/pythonpath_develop.ps1'
[45.475s] INFO:colcon.colcon_core.shell:Creating environment descriptor '/home/masa/slam_ws/build/carto_test/share/carto_test/hook/pythonpath_develop.dsv'
[45.478s] INFO:colcon.colcon_core.shell:Creating environment hook '/home/masa/slam_ws/build/carto_test/share/carto_test/hook/pythonpath_develop.sh'
[45.695s] Level 1:colcon.colcon_core.environment:checking '/home/masa/slam_ws/install/carto_test' for CMake module files
[45.698s] Level 1:colcon.colcon_core.environment:checking '/home/masa/slam_ws/install/carto_test' for CMake config files
[45.715s] Level 1:colcon.colcon_core.environment:checking '/home/masa/slam_ws/install/carto_test/lib'
[45.718s] Level 1:colcon.colcon_core.environment:checking '/home/masa/slam_ws/install/carto_test/bin'
[45.720s] Level 1:colcon.colcon_core.environment:checking '/home/masa/slam_ws/install/carto_test/lib/pkgconfig/carto_test.pc'
[45.726s] Level 1:colcon.colcon_core.environment:checking '/home/masa/slam_ws/install/carto_test/lib/python3.10/site-packages'
[45.728s] Level 1:colcon.colcon_core.shell:create_environment_hook('carto_test', 'pythonpath')
[45.993s] INFO:colcon.colcon_core.shell:Creating environment hook '/home/masa/slam_ws/install/carto_test/share/carto_test/hook/pythonpath.ps1'
[45.995s] INFO:colcon.colcon_core.shell:Creating environment descriptor '/home/masa/slam_ws/install/carto_test/share/carto_test/hook/pythonpath.dsv'
[46.003s] INFO:colcon.colcon_core.shell:Creating environment hook '/home/masa/slam_ws/install/carto_test/share/carto_test/hook/pythonpath.sh'
[46.013s] Level 1:colcon.colcon_core.environment:checking '/home/masa/slam_ws/install/carto_test/bin'
[46.015s] Level 1:colcon.colcon_core.environment:create_environment_scripts_only(carto_test)
[46.273s] INFO:colcon.colcon_core.shell:Creating package script '/home/masa/slam_ws/install/carto_test/share/carto_test/package.ps1'
[46.277s] INFO:colcon.colcon_core.shell:Creating package descriptor '/home/masa/slam_ws/install/carto_test/share/carto_test/package.dsv'
[46.283s] INFO:colcon.colcon_core.shell:Creating package script '/home/masa/slam_ws/install/carto_test/share/carto_test/package.sh'
[46.296s] INFO:colcon.colcon_core.shell:Creating package script '/home/masa/slam_ws/install/carto_test/share/carto_test/package.bash'
[46.313s] INFO:colcon.colcon_core.shell:Creating package script '/home/masa/slam_ws/install/carto_test/share/carto_test/package.zsh'
[46.323s] Level 1:colcon.colcon_core.environment:create_file_with_runtime_dependencies(/home/masa/slam_ws/install/carto_test/share/colcon-core/packages/carto_test)
[46.338s] DEBUG:colcon.colcon_parallel_executor.executor.parallel:closing loop
[46.342s] DEBUG:colcon.colcon_parallel_executor.executor.parallel:loop closed
[46.344s] DEBUG:colcon.colcon_parallel_executor.executor.parallel:run_until_complete finished with '0'
[46.346s] DEBUG:colcon.colcon_core.event_reactor:joining thread
[46.752s] INFO:colcon.colcon_core.plugin_system:Skipping extension 'colcon_notification.desktop_notification.terminal_notifier': Not used on non-Darwin systems
[46.752s] INFO:colcon.colcon_core.plugin_system:Skipping extension 'colcon_notification.desktop_notification.win32': Not used on non-Windows systems
[46.753s] INFO:colcon.colcon_notification.desktop_notification:Sending desktop notification using 'notify2'
[46.903s] DEBUG:colcon.colcon_core.event_reactor:joined thread
[47.334s] INFO:colcon.colcon_core.shell:Creating prefix script '/home/masa/slam_ws/install/local_setup.ps1'
[47.347s] INFO:colcon.colcon_core.shell:Creating prefix util module '/home/masa/slam_ws/install/_local_setup_util_ps1.py'
[47.368s] INFO:colcon.colcon_core.shell:Creating prefix chain script '/home/masa/slam_ws/install/setup.ps1'
[47.896s] INFO:colcon.colcon_core.shell:Creating prefix script '/home/masa/slam_ws/install/local_setup.sh'
[47.905s] INFO:colcon.colcon_core.shell:Creating prefix util module '/home/masa/slam_ws/install/_local_setup_util_sh.py'
[47.919s] INFO:colcon.colcon_core.shell:Creating prefix chain script '/home/masa/slam_ws/install/setup.sh'
[48.202s] INFO:colcon.colcon_core.shell:Creating prefix script '/home/masa/slam_ws/install/local_setup.bash'
[48.210s] INFO:colcon.colcon_core.shell:Creating prefix chain script '/home/masa/slam_ws/install/setup.bash'
[48.444s] INFO:colcon.colcon_core.shell:Creating prefix script '/home/masa/slam_ws/install/local_setup.zsh'
[48.451s] INFO:colcon.colcon_core.shell:Creating prefix chain script '/home/masa/slam_ws/install/setup.zsh'
