[22.570s] DEBUG:colcon:Command line arguments: ['/usr/bin/colcon', 'build', '--symlink-install']
[22.571s] DEBUG:colcon:Parsed command line arguments: Namespace(log_base=None, log_level=None, verb_name='build', build_base='build', install_base='install', merge_install=False, symlink_install=True, test_result_base=None, continue_on_error=False, executor='parallel', parallel_workers=4, event_handlers=None, ignore_user_meta=False, metas=['./colcon.meta'], base_paths=['.'], packages_ignore=None, packages_ignore_regex=None, paths=None, packages_up_to=None, packages_up_to_regex=None, packages_above=None, packages_above_and_dependencies=None, packages_above_depth=None, packages_select_by_dep=None, packages_skip_by_dep=None, packages_skip_up_to=None, packages_select_build_failed=False, packages_skip_build_finished=False, packages_select_test_failures=False, packages_skip_test_passed=False, packages_select=None, packages_skip=None, packages_select_regex=None, packages_skip_regex=None, packages_start=None, packages_end=None, allow_overriding=[], cmake_args=None, cmake_target=None, cmake_target_skip_unavailable=False, cmake_clean_cache=False, cmake_clean_first=False, cmake_force_configure=False, ament_cmake_args=None, catkin_cmake_args=None, catkin_skip_building_tests=False, verb_parser=<colcon_defaults.argument_parser.defaults.DefaultArgumentsDecorator object at 0xffffbc8e53c0>, verb_extension=<colcon_core.verb.build.BuildVerb object at 0xffffbc8e7a00>, main=<bound method BuildVerb.main of <colcon_core.verb.build.BuildVerb object at 0xffffbc8e7a00>>)
[23.407s] Level 1:colcon.colcon_core.package_discovery:discover_packages(colcon_meta) check parameters
[23.409s] Level 1:colcon.colcon_core.package_discovery:discover_packages(recursive) check parameters
[23.410s] Level 1:colcon.colcon_core.package_discovery:discover_packages(ignore) check parameters
[23.410s] Level 1:colcon.colcon_core.package_discovery:discover_packages(path) check parameters
[23.410s] Level 1:colcon.colcon_core.package_discovery:discover_packages(colcon_meta) discover
[23.411s] Level 1:colcon.colcon_core.package_discovery:discover_packages(recursive) discover
[23.411s] INFO:colcon.colcon_core.package_discovery:Crawling recursively for packages in '/home/masa/slam_ws'
[23.412s] Level 1:colcon.colcon_core.package_identification:_identify(.) by extensions ['ignore', 'ignore_ament_install']
[23.412s] Level 1:colcon.colcon_core.package_identification:_identify(.) by extension 'ignore'
[23.413s] Level 1:colcon.colcon_core.package_identification:_identify(.) by extension 'ignore_ament_install'
[23.413s] Level 1:colcon.colcon_core.package_identification:_identify(.) by extensions ['colcon_pkg']
[23.414s] Level 1:colcon.colcon_core.package_identification:_identify(.) by extension 'colcon_pkg'
[23.416s] Level 1:colcon.colcon_core.package_identification:_identify(.) by extensions ['colcon_meta']
[23.417s] Level 1:colcon.colcon_core.package_identification:_identify(.) by extension 'colcon_meta'
[23.419s] Level 1:colcon.colcon_core.package_identification:_identify(.) by extensions ['ros']
[23.420s] Level 1:colcon.colcon_core.package_identification:_identify(.) by extension 'ros'
[23.556s] Level 1:colcon.colcon_core.package_identification:_identify(.) by extensions ['cmake', 'python']
[23.556s] Level 1:colcon.colcon_core.package_identification:_identify(.) by extension 'cmake'
[23.562s] Level 1:colcon.colcon_core.package_identification:_identify(.) by extension 'python'
[23.563s] Level 1:colcon.colcon_core.package_identification:_identify(.) by extensions ['python_setup_py']
[23.563s] Level 1:colcon.colcon_core.package_identification:_identify(.) by extension 'python_setup_py'
[23.564s] Level 1:colcon.colcon_core.package_identification:_identify(build) by extensions ['ignore', 'ignore_ament_install']
[23.565s] Level 1:colcon.colcon_core.package_identification:_identify(build) by extension 'ignore'
[23.565s] Level 1:colcon.colcon_core.package_identification:_identify(build) ignored
[23.566s] Level 1:colcon.colcon_core.package_identification:_identify(install) by extensions ['ignore', 'ignore_ament_install']
[23.566s] Level 1:colcon.colcon_core.package_identification:_identify(install) by extension 'ignore'
[23.567s] Level 1:colcon.colcon_core.package_identification:_identify(install) ignored
[23.568s] Level 1:colcon.colcon_core.package_identification:_identify(log) by extensions ['ignore', 'ignore_ament_install']
[23.568s] Level 1:colcon.colcon_core.package_identification:_identify(log) by extension 'ignore'
[23.569s] Level 1:colcon.colcon_core.package_identification:_identify(log) ignored
[23.569s] Level 1:colcon.colcon_core.package_identification:_identify(src) by extensions ['ignore', 'ignore_ament_install']
[23.572s] Level 1:colcon.colcon_core.package_identification:_identify(src) by extension 'ignore'
[23.572s] Level 1:colcon.colcon_core.package_identification:_identify(src) by extension 'ignore_ament_install'
[23.573s] Level 1:colcon.colcon_core.package_identification:_identify(src) by extensions ['colcon_pkg']
[23.573s] Level 1:colcon.colcon_core.package_identification:_identify(src) by extension 'colcon_pkg'
[23.574s] Level 1:colcon.colcon_core.package_identification:_identify(src) by extensions ['colcon_meta']
[23.574s] Level 1:colcon.colcon_core.package_identification:_identify(src) by extension 'colcon_meta'
[23.574s] Level 1:colcon.colcon_core.package_identification:_identify(src) by extensions ['ros']
[23.575s] Level 1:colcon.colcon_core.package_identification:_identify(src) by extension 'ros'
[23.575s] Level 1:colcon.colcon_core.package_identification:_identify(src) by extensions ['cmake', 'python']
[23.576s] Level 1:colcon.colcon_core.package_identification:_identify(src) by extension 'cmake'
[23.576s] Level 1:colcon.colcon_core.package_identification:_identify(src) by extension 'python'
[23.576s] Level 1:colcon.colcon_core.package_identification:_identify(src) by extensions ['python_setup_py']
[23.577s] Level 1:colcon.colcon_core.package_identification:_identify(src) by extension 'python_setup_py'
[23.578s] Level 1:colcon.colcon_core.package_identification:_identify(src/carto_test) by extensions ['ignore', 'ignore_ament_install']
[23.578s] Level 1:colcon.colcon_core.package_identification:_identify(src/carto_test) by extension 'ignore'
[23.579s] Level 1:colcon.colcon_core.package_identification:_identify(src/carto_test) by extension 'ignore_ament_install'
[23.579s] Level 1:colcon.colcon_core.package_identification:_identify(src/carto_test) by extensions ['colcon_pkg']
[23.580s] Level 1:colcon.colcon_core.package_identification:_identify(src/carto_test) by extension 'colcon_pkg'
[23.580s] Level 1:colcon.colcon_core.package_identification:_identify(src/carto_test) by extensions ['colcon_meta']
[23.580s] Level 1:colcon.colcon_core.package_identification:_identify(src/carto_test) by extension 'colcon_meta'
[23.581s] Level 1:colcon.colcon_core.package_identification:_identify(src/carto_test) by extensions ['ros']
[23.582s] Level 1:colcon.colcon_core.package_identification:_identify(src/carto_test) by extension 'ros'
[23.597s] DEBUG:colcon.colcon_core.package_identification:Package 'src/carto_test' with type 'ros.ament_python' and name 'carto_test'
[23.600s] Level 1:colcon.colcon_core.package_discovery:discover_packages(recursive) using defaults
[23.600s] Level 1:colcon.colcon_core.package_discovery:discover_packages(ignore) discover
[23.601s] Level 1:colcon.colcon_core.package_discovery:discover_packages(ignore) using defaults
[23.601s] Level 1:colcon.colcon_core.package_discovery:discover_packages(path) discover
[23.601s] Level 1:colcon.colcon_core.package_discovery:discover_packages(path) using defaults
[25.062s] Level 1:colcon.colcon_core.package_discovery:discover_packages(prefix_path) check parameters
[25.072s] Level 1:colcon.colcon_core.package_discovery:discover_packages(prefix_path) discover
[25.541s] DEBUG:colcon.colcon_installed_package_information.package_discovery:Found 1 installed packages in /home/masa/slam_ws/install
[25.843s] DEBUG:colcon.colcon_installed_package_information.package_discovery:Found 361 installed packages in /opt/ros/humble
[25.857s] Level 1:colcon.colcon_core.package_discovery:discover_packages(prefix_path) using defaults
[27.791s] Level 5:colcon.colcon_core.verb:set package 'carto_test' build argument 'cmake_args' from command line to 'None'
[27.791s] Level 5:colcon.colcon_core.verb:set package 'carto_test' build argument 'cmake_target' from command line to 'None'
[27.792s] Level 5:colcon.colcon_core.verb:set package 'carto_test' build argument 'cmake_target_skip_unavailable' from command line to 'False'
[27.792s] Level 5:colcon.colcon_core.verb:set package 'carto_test' build argument 'cmake_clean_cache' from command line to 'False'
[27.793s] Level 5:colcon.colcon_core.verb:set package 'carto_test' build argument 'cmake_clean_first' from command line to 'False'
[27.793s] Level 5:colcon.colcon_core.verb:set package 'carto_test' build argument 'cmake_force_configure' from command line to 'False'
[27.798s] Level 5:colcon.colcon_core.verb:set package 'carto_test' build argument 'ament_cmake_args' from command line to 'None'
[27.799s] Level 5:colcon.colcon_core.verb:set package 'carto_test' build argument 'catkin_cmake_args' from command line to 'None'
[27.799s] Level 5:colcon.colcon_core.verb:set package 'carto_test' build argument 'catkin_skip_building_tests' from command line to 'False'
[27.799s] DEBUG:colcon.colcon_core.verb:Building package 'carto_test' with the following arguments: {'ament_cmake_args': None, 'build_base': '/home/masa/slam_ws/build/carto_test', 'catkin_cmake_args': None, 'catkin_skip_building_tests': False, 'cmake_args': None, 'cmake_clean_cache': False, 'cmake_clean_first': False, 'cmake_force_configure': False, 'cmake_target': None, 'cmake_target_skip_unavailable': False, 'install_base': '/home/masa/slam_ws/install/carto_test', 'merge_install': False, 'path': '/home/masa/slam_ws/src/carto_test', 'symlink_install': True, 'test_result_base': None}
[28.130s] INFO:colcon.colcon_core.executor:Executing jobs using 'parallel' executor
[28.410s] DEBUG:colcon.colcon_parallel_executor.executor.parallel:run_until_complete
[28.411s] INFO:colcon.colcon_ros.task.ament_python.build:Building ROS package in '/home/masa/slam_ws/src/carto_test' with build type 'ament_python'
[28.412s] Level 1:colcon.colcon_core.shell:create_environment_hook('carto_test', 'ament_prefix_path')
[28.695s] INFO:colcon.colcon_core.plugin_system:Skipping extension 'colcon_core.shell.bat': Not used on non-Windows systems
[28.696s] INFO:colcon.colcon_core.shell:Creating environment hook '/home/masa/slam_ws/install/carto_test/share/carto_test/hook/ament_prefix_path.ps1'
[28.699s] INFO:colcon.colcon_core.shell:Creating environment descriptor '/home/masa/slam_ws/install/carto_test/share/carto_test/hook/ament_prefix_path.dsv'
[28.705s] INFO:colcon.colcon_core.shell:Creating environment hook '/home/masa/slam_ws/install/carto_test/share/carto_test/hook/ament_prefix_path.sh'
[29.047s] INFO:colcon.colcon_core.shell:Skip shell extension 'powershell' for command environment: Not usable outside of PowerShell
[29.048s] DEBUG:colcon.colcon_core.shell:Skip shell extension 'dsv' for command environment
[34.309s] INFO:colcon.colcon_core.task.python.build:Building Python package in '/home/masa/slam_ws/src/carto_test'
[34.772s] INFO:colcon.colcon_core.shell:Skip shell extension 'powershell' for command environment: Not usable outside of PowerShell
[34.773s] DEBUG:colcon.colcon_core.shell:Skip shell extension 'dsv' for command environment
[41.189s] DEBUG:colcon.colcon_core.event_handler.log_command:Invoking command in '/home/masa/slam_ws/build/carto_test': PYTHONPATH=/home/masa/slam_ws/build/carto_test/prefix_override:/home/masa/slam_ws/install/carto_test/lib/python3.10/site-packages:${PYTHONPATH} /usr/bin/python3 setup.py develop --editable --build-directory /home/masa/slam_ws/build/carto_test/build --no-deps install_data
[49.565s] Level 1:colcon.colcon_core.shell:create_environment_hook('carto_test', 'pythonpath_develop')
[49.595s] DEBUG:colcon.colcon_core.event_handler.log_command:Invoked command in '/home/masa/slam_ws/build/carto_test' returned '0': PYTHONPATH=/home/masa/slam_ws/build/carto_test/prefix_override:/home/masa/slam_ws/install/carto_test/lib/python3.10/site-packages:${PYTHONPATH} /usr/bin/python3 setup.py develop --editable --build-directory /home/masa/slam_ws/build/carto_test/build --no-deps install_data
[49.895s] INFO:colcon.colcon_core.shell:Creating environment hook '/home/masa/slam_ws/build/carto_test/share/carto_test/hook/pythonpath_develop.ps1'
[49.898s] INFO:colcon.colcon_core.shell:Creating environment descriptor '/home/masa/slam_ws/build/carto_test/share/carto_test/hook/pythonpath_develop.dsv'
[49.906s] INFO:colcon.colcon_core.shell:Creating environment hook '/home/masa/slam_ws/build/carto_test/share/carto_test/hook/pythonpath_develop.sh'
[50.303s] Level 1:colcon.colcon_core.environment:checking '/home/masa/slam_ws/install/carto_test' for CMake module files
[50.305s] Level 1:colcon.colcon_core.environment:checking '/home/masa/slam_ws/install/carto_test' for CMake config files
[50.320s] Level 1:colcon.colcon_core.environment:checking '/home/masa/slam_ws/install/carto_test/lib'
[50.322s] Level 1:colcon.colcon_core.environment:checking '/home/masa/slam_ws/install/carto_test/bin'
[50.322s] Level 1:colcon.colcon_core.environment:checking '/home/masa/slam_ws/install/carto_test/lib/pkgconfig/carto_test.pc'
[50.326s] Level 1:colcon.colcon_core.environment:checking '/home/masa/slam_ws/install/carto_test/lib/python3.10/site-packages'
[50.327s] Level 1:colcon.colcon_core.shell:create_environment_hook('carto_test', 'pythonpath')
[50.621s] INFO:colcon.colcon_core.shell:Creating environment hook '/home/masa/slam_ws/install/carto_test/share/carto_test/hook/pythonpath.ps1'
[50.633s] INFO:colcon.colcon_core.shell:Creating environment descriptor '/home/masa/slam_ws/install/carto_test/share/carto_test/hook/pythonpath.dsv'
[50.647s] INFO:colcon.colcon_core.shell:Creating environment hook '/home/masa/slam_ws/install/carto_test/share/carto_test/hook/pythonpath.sh'
[50.660s] Level 1:colcon.colcon_core.environment:checking '/home/masa/slam_ws/install/carto_test/bin'
[50.663s] Level 1:colcon.colcon_core.environment:create_environment_scripts_only(carto_test)
[50.945s] INFO:colcon.colcon_core.shell:Creating package script '/home/masa/slam_ws/install/carto_test/share/carto_test/package.ps1'
[50.961s] INFO:colcon.colcon_core.shell:Creating package descriptor '/home/masa/slam_ws/install/carto_test/share/carto_test/package.dsv'
[50.969s] INFO:colcon.colcon_core.shell:Creating package script '/home/masa/slam_ws/install/carto_test/share/carto_test/package.sh'
[50.987s] INFO:colcon.colcon_core.shell:Creating package script '/home/masa/slam_ws/install/carto_test/share/carto_test/package.bash'
[51.000s] INFO:colcon.colcon_core.shell:Creating package script '/home/masa/slam_ws/install/carto_test/share/carto_test/package.zsh'
[51.010s] Level 1:colcon.colcon_core.environment:create_file_with_runtime_dependencies(/home/masa/slam_ws/install/carto_test/share/colcon-core/packages/carto_test)
[51.016s] DEBUG:colcon.colcon_parallel_executor.executor.parallel:closing loop
[51.017s] DEBUG:colcon.colcon_parallel_executor.executor.parallel:loop closed
[51.018s] DEBUG:colcon.colcon_parallel_executor.executor.parallel:run_until_complete finished with '0'
[51.019s] DEBUG:colcon.colcon_core.event_reactor:joining thread
[51.528s] INFO:colcon.colcon_core.plugin_system:Skipping extension 'colcon_notification.desktop_notification.terminal_notifier': Not used on non-Darwin systems
[51.529s] INFO:colcon.colcon_core.plugin_system:Skipping extension 'colcon_notification.desktop_notification.win32': Not used on non-Windows systems
[51.530s] INFO:colcon.colcon_notification.desktop_notification:Sending desktop notification using 'notify2'
[51.688s] DEBUG:colcon.colcon_core.event_reactor:joined thread
[52.015s] INFO:colcon.colcon_core.shell:Creating prefix script '/home/masa/slam_ws/install/local_setup.ps1'
[52.025s] INFO:colcon.colcon_core.shell:Creating prefix util module '/home/masa/slam_ws/install/_local_setup_util_ps1.py'
[52.039s] INFO:colcon.colcon_core.shell:Creating prefix chain script '/home/masa/slam_ws/install/setup.ps1'
[52.366s] INFO:colcon.colcon_core.shell:Creating prefix script '/home/masa/slam_ws/install/local_setup.sh'
[52.375s] INFO:colcon.colcon_core.shell:Creating prefix util module '/home/masa/slam_ws/install/_local_setup_util_sh.py'
[52.386s] INFO:colcon.colcon_core.shell:Creating prefix chain script '/home/masa/slam_ws/install/setup.sh'
[52.688s] INFO:colcon.colcon_core.shell:Creating prefix script '/home/masa/slam_ws/install/local_setup.bash'
[52.691s] INFO:colcon.colcon_core.shell:Creating prefix chain script '/home/masa/slam_ws/install/setup.bash'
[52.943s] INFO:colcon.colcon_core.shell:Creating prefix script '/home/masa/slam_ws/install/local_setup.zsh'
[52.950s] INFO:colcon.colcon_core.shell:Creating prefix chain script '/home/masa/slam_ws/install/setup.zsh'
