[19.927s] DEBUG:colcon:Command line arguments: ['/usr/bin/colcon', 'build', '--symlink-install']
[19.928s] DEBUG:colcon:Parsed command line arguments: Namespace(log_base=None, log_level=None, verb_name='build', build_base='build', install_base='install', merge_install=False, symlink_install=True, test_result_base=None, continue_on_error=False, executor='parallel', parallel_workers=4, event_handlers=None, ignore_user_meta=False, metas=['./colcon.meta'], base_paths=['.'], packages_ignore=None, packages_ignore_regex=None, paths=None, packages_up_to=None, packages_up_to_regex=None, packages_above=None, packages_above_and_dependencies=None, packages_above_depth=None, packages_select_by_dep=None, packages_skip_by_dep=None, packages_skip_up_to=None, packages_select_build_failed=False, packages_skip_build_finished=False, packages_select_test_failures=False, packages_skip_test_passed=False, packages_select=None, packages_skip=None, packages_select_regex=None, packages_skip_regex=None, packages_start=None, packages_end=None, allow_overriding=[], cmake_args=None, cmake_target=None, cmake_target_skip_unavailable=False, cmake_clean_cache=False, cmake_clean_first=False, cmake_force_configure=False, ament_cmake_args=None, catkin_cmake_args=None, catkin_skip_building_tests=False, verb_parser=<colcon_defaults.argument_parser.defaults.DefaultArgumentsDecorator object at 0xffffb3b540d0>, verb_extension=<colcon_core.verb.build.BuildVerb object at 0xffffb3b57910>, main=<bound method BuildVerb.main of <colcon_core.verb.build.BuildVerb object at 0xffffb3b57910>>)
[20.872s] Level 1:colcon.colcon_core.package_discovery:discover_packages(colcon_meta) check parameters
[20.873s] Level 1:colcon.colcon_core.package_discovery:discover_packages(recursive) check parameters
[20.873s] Level 1:colcon.colcon_core.package_discovery:discover_packages(ignore) check parameters
[20.873s] Level 1:colcon.colcon_core.package_discovery:discover_packages(path) check parameters
[20.874s] Level 1:colcon.colcon_core.package_discovery:discover_packages(colcon_meta) discover
[20.874s] Level 1:colcon.colcon_core.package_discovery:discover_packages(recursive) discover
[20.875s] INFO:colcon.colcon_core.package_discovery:Crawling recursively for packages in '/home/masa/slam_ws'
[20.875s] Level 1:colcon.colcon_core.package_identification:_identify(.) by extensions ['ignore', 'ignore_ament_install']
[20.876s] Level 1:colcon.colcon_core.package_identification:_identify(.) by extension 'ignore'
[20.877s] Level 1:colcon.colcon_core.package_identification:_identify(.) by extension 'ignore_ament_install'
[20.877s] Level 1:colcon.colcon_core.package_identification:_identify(.) by extensions ['colcon_pkg']
[20.878s] Level 1:colcon.colcon_core.package_identification:_identify(.) by extension 'colcon_pkg'
[20.878s] Level 1:colcon.colcon_core.package_identification:_identify(.) by extensions ['colcon_meta']
[20.878s] Level 1:colcon.colcon_core.package_identification:_identify(.) by extension 'colcon_meta'
[20.879s] Level 1:colcon.colcon_core.package_identification:_identify(.) by extensions ['ros']
[20.879s] Level 1:colcon.colcon_core.package_identification:_identify(.) by extension 'ros'
[21.087s] Level 1:colcon.colcon_core.package_identification:_identify(.) by extensions ['cmake', 'python']
[21.090s] Level 1:colcon.colcon_core.package_identification:_identify(.) by extension 'cmake'
[21.093s] Level 1:colcon.colcon_core.package_identification:_identify(.) by extension 'python'
[21.096s] Level 1:colcon.colcon_core.package_identification:_identify(.) by extensions ['python_setup_py']
[21.097s] Level 1:colcon.colcon_core.package_identification:_identify(.) by extension 'python_setup_py'
[21.099s] Level 1:colcon.colcon_core.package_identification:_identify(build) by extensions ['ignore', 'ignore_ament_install']
[21.101s] Level 1:colcon.colcon_core.package_identification:_identify(build) by extension 'ignore'
[21.102s] Level 1:colcon.colcon_core.package_identification:_identify(build) ignored
[21.110s] Level 1:colcon.colcon_core.package_identification:_identify(install) by extensions ['ignore', 'ignore_ament_install']
[21.112s] Level 1:colcon.colcon_core.package_identification:_identify(install) by extension 'ignore'
[21.114s] Level 1:colcon.colcon_core.package_identification:_identify(install) ignored
[21.119s] Level 1:colcon.colcon_core.package_identification:_identify(log) by extensions ['ignore', 'ignore_ament_install']
[21.121s] Level 1:colcon.colcon_core.package_identification:_identify(log) by extension 'ignore'
[21.122s] Level 1:colcon.colcon_core.package_identification:_identify(log) ignored
[21.124s] Level 1:colcon.colcon_core.package_identification:_identify(src) by extensions ['ignore', 'ignore_ament_install']
[21.129s] Level 1:colcon.colcon_core.package_identification:_identify(src) by extension 'ignore'
[21.130s] Level 1:colcon.colcon_core.package_identification:_identify(src) by extension 'ignore_ament_install'
[21.131s] Level 1:colcon.colcon_core.package_identification:_identify(src) by extensions ['colcon_pkg']
[21.132s] Level 1:colcon.colcon_core.package_identification:_identify(src) by extension 'colcon_pkg'
[21.132s] Level 1:colcon.colcon_core.package_identification:_identify(src) by extensions ['colcon_meta']
[21.132s] Level 1:colcon.colcon_core.package_identification:_identify(src) by extension 'colcon_meta'
[21.133s] Level 1:colcon.colcon_core.package_identification:_identify(src) by extensions ['ros']
[21.133s] Level 1:colcon.colcon_core.package_identification:_identify(src) by extension 'ros'
[21.134s] Level 1:colcon.colcon_core.package_identification:_identify(src) by extensions ['cmake', 'python']
[21.134s] Level 1:colcon.colcon_core.package_identification:_identify(src) by extension 'cmake'
[21.135s] Level 1:colcon.colcon_core.package_identification:_identify(src) by extension 'python'
[21.136s] Level 1:colcon.colcon_core.package_identification:_identify(src) by extensions ['python_setup_py']
[21.138s] Level 1:colcon.colcon_core.package_identification:_identify(src) by extension 'python_setup_py'
[21.141s] Level 1:colcon.colcon_core.package_identification:_identify(src/carto_test) by extensions ['ignore', 'ignore_ament_install']
[21.144s] Level 1:colcon.colcon_core.package_identification:_identify(src/carto_test) by extension 'ignore'
[21.152s] Level 1:colcon.colcon_core.package_identification:_identify(src/carto_test) by extension 'ignore_ament_install'
[21.152s] Level 1:colcon.colcon_core.package_identification:_identify(src/carto_test) by extensions ['colcon_pkg']
[21.153s] Level 1:colcon.colcon_core.package_identification:_identify(src/carto_test) by extension 'colcon_pkg'
[21.153s] Level 1:colcon.colcon_core.package_identification:_identify(src/carto_test) by extensions ['colcon_meta']
[21.154s] Level 1:colcon.colcon_core.package_identification:_identify(src/carto_test) by extension 'colcon_meta'
[21.154s] Level 1:colcon.colcon_core.package_identification:_identify(src/carto_test) by extensions ['ros']
[21.154s] Level 1:colcon.colcon_core.package_identification:_identify(src/carto_test) by extension 'ros'
[21.173s] DEBUG:colcon.colcon_core.package_identification:Package 'src/carto_test' with type 'ros.ament_python' and name 'carto_test'
[21.174s] Level 1:colcon.colcon_core.package_discovery:discover_packages(recursive) using defaults
[21.174s] Level 1:colcon.colcon_core.package_discovery:discover_packages(ignore) discover
[21.175s] Level 1:colcon.colcon_core.package_discovery:discover_packages(ignore) using defaults
[21.175s] Level 1:colcon.colcon_core.package_discovery:discover_packages(path) discover
[21.175s] Level 1:colcon.colcon_core.package_discovery:discover_packages(path) using defaults
[23.212s] Level 1:colcon.colcon_core.package_discovery:discover_packages(prefix_path) check parameters
[23.214s] Level 1:colcon.colcon_core.package_discovery:discover_packages(prefix_path) discover
[23.712s] DEBUG:colcon.colcon_installed_package_information.package_discovery:Found 1 installed packages in /home/masa/slam_ws/install
[23.988s] DEBUG:colcon.colcon_installed_package_information.package_discovery:Found 361 installed packages in /opt/ros/humble
[24.006s] Level 1:colcon.colcon_core.package_discovery:discover_packages(prefix_path) using defaults
[25.868s] Level 5:colcon.colcon_core.verb:set package 'carto_test' build argument 'cmake_args' from command line to 'None'
[25.868s] Level 5:colcon.colcon_core.verb:set package 'carto_test' build argument 'cmake_target' from command line to 'None'
[25.869s] Level 5:colcon.colcon_core.verb:set package 'carto_test' build argument 'cmake_target_skip_unavailable' from command line to 'False'
[25.869s] Level 5:colcon.colcon_core.verb:set package 'carto_test' build argument 'cmake_clean_cache' from command line to 'False'
[25.870s] Level 5:colcon.colcon_core.verb:set package 'carto_test' build argument 'cmake_clean_first' from command line to 'False'
[25.870s] Level 5:colcon.colcon_core.verb:set package 'carto_test' build argument 'cmake_force_configure' from command line to 'False'
[25.870s] Level 5:colcon.colcon_core.verb:set package 'carto_test' build argument 'ament_cmake_args' from command line to 'None'
[25.871s] Level 5:colcon.colcon_core.verb:set package 'carto_test' build argument 'catkin_cmake_args' from command line to 'None'
[25.872s] Level 5:colcon.colcon_core.verb:set package 'carto_test' build argument 'catkin_skip_building_tests' from command line to 'False'
[25.873s] DEBUG:colcon.colcon_core.verb:Building package 'carto_test' with the following arguments: {'ament_cmake_args': None, 'build_base': '/home/masa/slam_ws/build/carto_test', 'catkin_cmake_args': None, 'catkin_skip_building_tests': False, 'cmake_args': None, 'cmake_clean_cache': False, 'cmake_clean_first': False, 'cmake_force_configure': False, 'cmake_target': None, 'cmake_target_skip_unavailable': False, 'install_base': '/home/masa/slam_ws/install/carto_test', 'merge_install': False, 'path': '/home/masa/slam_ws/src/carto_test', 'symlink_install': True, 'test_result_base': None}
[26.256s] INFO:colcon.colcon_core.executor:Executing jobs using 'parallel' executor
[26.550s] DEBUG:colcon.colcon_parallel_executor.executor.parallel:run_until_complete
[26.551s] INFO:colcon.colcon_ros.task.ament_python.build:Building ROS package in '/home/masa/slam_ws/src/carto_test' with build type 'ament_python'
[26.552s] Level 1:colcon.colcon_core.shell:create_environment_hook('carto_test', 'ament_prefix_path')
[26.843s] INFO:colcon.colcon_core.plugin_system:Skipping extension 'colcon_core.shell.bat': Not used on non-Windows systems
[26.846s] INFO:colcon.colcon_core.shell:Creating environment hook '/home/masa/slam_ws/install/carto_test/share/carto_test/hook/ament_prefix_path.ps1'
[26.860s] INFO:colcon.colcon_core.shell:Creating environment descriptor '/home/masa/slam_ws/install/carto_test/share/carto_test/hook/ament_prefix_path.dsv'
[26.872s] INFO:colcon.colcon_core.shell:Creating environment hook '/home/masa/slam_ws/install/carto_test/share/carto_test/hook/ament_prefix_path.sh'
[27.083s] INFO:colcon.colcon_core.shell:Skip shell extension 'powershell' for command environment: Not usable outside of PowerShell
[27.084s] DEBUG:colcon.colcon_core.shell:Skip shell extension 'dsv' for command environment
[32.310s] INFO:colcon.colcon_core.task.python.build:Building Python package in '/home/masa/slam_ws/src/carto_test'
[32.688s] INFO:colcon.colcon_core.shell:Skip shell extension 'powershell' for command environment: Not usable outside of PowerShell
[32.689s] DEBUG:colcon.colcon_core.shell:Skip shell extension 'dsv' for command environment
[38.689s] DEBUG:colcon.colcon_core.event_handler.log_command:Invoking command in '/home/masa/slam_ws/build/carto_test': PYTHONPATH=/home/masa/slam_ws/build/carto_test/prefix_override:/home/masa/slam_ws/install/carto_test/lib/python3.10/site-packages:${PYTHONPATH} /usr/bin/python3 setup.py develop --editable --build-directory /home/masa/slam_ws/build/carto_test/build --no-deps install_data
[44.377s] Level 1:colcon.colcon_core.shell:create_environment_hook('carto_test', 'pythonpath_develop')
[44.388s] DEBUG:colcon.colcon_core.event_handler.log_command:Invoked command in '/home/masa/slam_ws/build/carto_test' returned '0': PYTHONPATH=/home/masa/slam_ws/build/carto_test/prefix_override:/home/masa/slam_ws/install/carto_test/lib/python3.10/site-packages:${PYTHONPATH} /usr/bin/python3 setup.py develop --editable --build-directory /home/masa/slam_ws/build/carto_test/build --no-deps install_data
[44.585s] INFO:colcon.colcon_core.shell:Creating environment hook '/home/masa/slam_ws/build/carto_test/share/carto_test/hook/pythonpath_develop.ps1'
[44.590s] INFO:colcon.colcon_core.shell:Creating environment descriptor '/home/masa/slam_ws/build/carto_test/share/carto_test/hook/pythonpath_develop.dsv'
[44.594s] INFO:colcon.colcon_core.shell:Creating environment hook '/home/masa/slam_ws/build/carto_test/share/carto_test/hook/pythonpath_develop.sh'
[44.808s] Level 1:colcon.colcon_core.environment:checking '/home/masa/slam_ws/install/carto_test' for CMake module files
[44.811s] Level 1:colcon.colcon_core.environment:checking '/home/masa/slam_ws/install/carto_test' for CMake config files
[44.817s] Level 1:colcon.colcon_core.environment:checking '/home/masa/slam_ws/install/carto_test/lib'
[44.819s] Level 1:colcon.colcon_core.environment:checking '/home/masa/slam_ws/install/carto_test/bin'
[44.820s] Level 1:colcon.colcon_core.environment:checking '/home/masa/slam_ws/install/carto_test/lib/pkgconfig/carto_test.pc'
[44.821s] Level 1:colcon.colcon_core.environment:checking '/home/masa/slam_ws/install/carto_test/lib/python3.10/site-packages'
[44.822s] Level 1:colcon.colcon_core.shell:create_environment_hook('carto_test', 'pythonpath')
[44.934s] INFO:colcon.colcon_core.shell:Creating environment hook '/home/masa/slam_ws/install/carto_test/share/carto_test/hook/pythonpath.ps1'
[44.937s] INFO:colcon.colcon_core.shell:Creating environment descriptor '/home/masa/slam_ws/install/carto_test/share/carto_test/hook/pythonpath.dsv'
[44.939s] INFO:colcon.colcon_core.shell:Creating environment hook '/home/masa/slam_ws/install/carto_test/share/carto_test/hook/pythonpath.sh'
[44.943s] Level 1:colcon.colcon_core.environment:checking '/home/masa/slam_ws/install/carto_test/bin'
[44.944s] Level 1:colcon.colcon_core.environment:create_environment_scripts_only(carto_test)
[45.048s] INFO:colcon.colcon_core.shell:Creating package script '/home/masa/slam_ws/install/carto_test/share/carto_test/package.ps1'
[45.052s] INFO:colcon.colcon_core.shell:Creating package descriptor '/home/masa/slam_ws/install/carto_test/share/carto_test/package.dsv'
[45.056s] INFO:colcon.colcon_core.shell:Creating package script '/home/masa/slam_ws/install/carto_test/share/carto_test/package.sh'
[45.060s] INFO:colcon.colcon_core.shell:Creating package script '/home/masa/slam_ws/install/carto_test/share/carto_test/package.bash'
[45.063s] INFO:colcon.colcon_core.shell:Creating package script '/home/masa/slam_ws/install/carto_test/share/carto_test/package.zsh'
[45.067s] Level 1:colcon.colcon_core.environment:create_file_with_runtime_dependencies(/home/masa/slam_ws/install/carto_test/share/colcon-core/packages/carto_test)
[45.069s] DEBUG:colcon.colcon_parallel_executor.executor.parallel:closing loop
[45.071s] DEBUG:colcon.colcon_parallel_executor.executor.parallel:loop closed
[45.072s] DEBUG:colcon.colcon_parallel_executor.executor.parallel:run_until_complete finished with '0'
[45.072s] DEBUG:colcon.colcon_core.event_reactor:joining thread
[45.244s] INFO:colcon.colcon_core.plugin_system:Skipping extension 'colcon_notification.desktop_notification.terminal_notifier': Not used on non-Darwin systems
[45.244s] INFO:colcon.colcon_core.plugin_system:Skipping extension 'colcon_notification.desktop_notification.win32': Not used on non-Windows systems
[45.245s] INFO:colcon.colcon_notification.desktop_notification:Sending desktop notification using 'notify2'
[45.319s] DEBUG:colcon.colcon_core.event_reactor:joined thread
[45.546s] INFO:colcon.colcon_core.shell:Creating prefix script '/home/masa/slam_ws/install/local_setup.ps1'
[45.567s] INFO:colcon.colcon_core.shell:Creating prefix util module '/home/masa/slam_ws/install/_local_setup_util_ps1.py'
[45.573s] INFO:colcon.colcon_core.shell:Creating prefix chain script '/home/masa/slam_ws/install/setup.ps1'
[45.701s] INFO:colcon.colcon_core.shell:Creating prefix script '/home/masa/slam_ws/install/local_setup.sh'
[45.708s] INFO:colcon.colcon_core.shell:Creating prefix util module '/home/masa/slam_ws/install/_local_setup_util_sh.py'
[45.713s] INFO:colcon.colcon_core.shell:Creating prefix chain script '/home/masa/slam_ws/install/setup.sh'
[45.847s] INFO:colcon.colcon_core.shell:Creating prefix script '/home/masa/slam_ws/install/local_setup.bash'
[45.851s] INFO:colcon.colcon_core.shell:Creating prefix chain script '/home/masa/slam_ws/install/setup.bash'
[45.986s] INFO:colcon.colcon_core.shell:Creating prefix script '/home/masa/slam_ws/install/local_setup.zsh'
[45.989s] INFO:colcon.colcon_core.shell:Creating prefix chain script '/home/masa/slam_ws/install/setup.zsh'
