[7.368s] DEBUG:colcon:Command line arguments: ['/usr/bin/colcon', 'build', '--symlink-install']
[7.369s] DEBUG:colcon:Parsed command line arguments: Namespace(log_base=None, log_level=None, verb_name='build', build_base='build', install_base='install', merge_install=False, symlink_install=True, test_result_base=None, continue_on_error=False, executor='parallel', parallel_workers=4, event_handlers=None, ignore_user_meta=False, metas=['./colcon.meta'], base_paths=['.'], packages_ignore=None, packages_ignore_regex=None, paths=None, packages_up_to=None, packages_up_to_regex=None, packages_above=None, packages_above_and_dependencies=None, packages_above_depth=None, packages_select_by_dep=None, packages_skip_by_dep=None, packages_skip_up_to=None, packages_select_build_failed=False, packages_skip_build_finished=False, packages_select_test_failures=False, packages_skip_test_passed=False, packages_select=None, packages_skip=None, packages_select_regex=None, packages_skip_regex=None, packages_start=None, packages_end=None, allow_overriding=[], cmake_args=None, cmake_target=None, cmake_target_skip_unavailable=False, cmake_clean_cache=False, cmake_clean_first=False, cmake_force_configure=False, ament_cmake_args=None, catkin_cmake_args=None, catkin_skip_building_tests=False, verb_parser=<colcon_defaults.argument_parser.defaults.DefaultArgumentsDecorator object at 0xffff9a2b5ff0>, verb_extension=<colcon_core.verb.build.BuildVerb object at 0xffff9a2b7100>, main=<bound method BuildVerb.main of <colcon_core.verb.build.BuildVerb object at 0xffff9a2b7100>>)
[7.723s] Level 1:colcon.colcon_core.package_discovery:discover_packages(colcon_meta) check parameters
[7.725s] Level 1:colcon.colcon_core.package_discovery:discover_packages(recursive) check parameters
[7.725s] Level 1:colcon.colcon_core.package_discovery:discover_packages(ignore) check parameters
[7.725s] Level 1:colcon.colcon_core.package_discovery:discover_packages(path) check parameters
[7.726s] Level 1:colcon.colcon_core.package_discovery:discover_packages(colcon_meta) discover
[7.726s] Level 1:colcon.colcon_core.package_discovery:discover_packages(recursive) discover
[7.726s] INFO:colcon.colcon_core.package_discovery:Crawling recursively for packages in '/home/masa/slam_ws'
[7.727s] Level 1:colcon.colcon_core.package_identification:_identify(.) by extensions ['ignore', 'ignore_ament_install']
[7.728s] Level 1:colcon.colcon_core.package_identification:_identify(.) by extension 'ignore'
[7.728s] Level 1:colcon.colcon_core.package_identification:_identify(.) by extension 'ignore_ament_install'
[7.729s] Level 1:colcon.colcon_core.package_identification:_identify(.) by extensions ['colcon_pkg']
[7.729s] Level 1:colcon.colcon_core.package_identification:_identify(.) by extension 'colcon_pkg'
[7.729s] Level 1:colcon.colcon_core.package_identification:_identify(.) by extensions ['colcon_meta']
[7.730s] Level 1:colcon.colcon_core.package_identification:_identify(.) by extension 'colcon_meta'
[7.730s] Level 1:colcon.colcon_core.package_identification:_identify(.) by extensions ['ros']
[7.730s] Level 1:colcon.colcon_core.package_identification:_identify(.) by extension 'ros'
[7.791s] Level 1:colcon.colcon_core.package_identification:_identify(.) by extensions ['cmake', 'python']
[7.792s] Level 1:colcon.colcon_core.package_identification:_identify(.) by extension 'cmake'
[7.792s] Level 1:colcon.colcon_core.package_identification:_identify(.) by extension 'python'
[7.794s] Level 1:colcon.colcon_core.package_identification:_identify(.) by extensions ['python_setup_py']
[7.794s] Level 1:colcon.colcon_core.package_identification:_identify(.) by extension 'python_setup_py'
[7.795s] Level 1:colcon.colcon_core.package_identification:_identify(build) by extensions ['ignore', 'ignore_ament_install']
[7.796s] Level 1:colcon.colcon_core.package_identification:_identify(build) by extension 'ignore'
[7.797s] Level 1:colcon.colcon_core.package_identification:_identify(build) ignored
[7.798s] Level 1:colcon.colcon_core.package_identification:_identify(install) by extensions ['ignore', 'ignore_ament_install']
[7.799s] Level 1:colcon.colcon_core.package_identification:_identify(install) by extension 'ignore'
[7.799s] Level 1:colcon.colcon_core.package_identification:_identify(install) ignored
[7.801s] Level 1:colcon.colcon_core.package_identification:_identify(log) by extensions ['ignore', 'ignore_ament_install']
[7.802s] Level 1:colcon.colcon_core.package_identification:_identify(log) by extension 'ignore'
[7.803s] Level 1:colcon.colcon_core.package_identification:_identify(log) ignored
[7.804s] Level 1:colcon.colcon_core.package_identification:_identify(src) by extensions ['ignore', 'ignore_ament_install']
[7.805s] Level 1:colcon.colcon_core.package_identification:_identify(src) by extension 'ignore'
[7.805s] Level 1:colcon.colcon_core.package_identification:_identify(src) by extension 'ignore_ament_install'
[7.806s] Level 1:colcon.colcon_core.package_identification:_identify(src) by extensions ['colcon_pkg']
[7.806s] Level 1:colcon.colcon_core.package_identification:_identify(src) by extension 'colcon_pkg'
[7.807s] Level 1:colcon.colcon_core.package_identification:_identify(src) by extensions ['colcon_meta']
[7.807s] Level 1:colcon.colcon_core.package_identification:_identify(src) by extension 'colcon_meta'
[7.808s] Level 1:colcon.colcon_core.package_identification:_identify(src) by extensions ['ros']
[7.808s] Level 1:colcon.colcon_core.package_identification:_identify(src) by extension 'ros'
[7.810s] Level 1:colcon.colcon_core.package_identification:_identify(src) by extensions ['cmake', 'python']
[7.811s] Level 1:colcon.colcon_core.package_identification:_identify(src) by extension 'cmake'
[7.811s] Level 1:colcon.colcon_core.package_identification:_identify(src) by extension 'python'
[7.812s] Level 1:colcon.colcon_core.package_identification:_identify(src) by extensions ['python_setup_py']
[7.812s] Level 1:colcon.colcon_core.package_identification:_identify(src) by extension 'python_setup_py'
[7.813s] Level 1:colcon.colcon_core.package_identification:_identify(src/carto_test) by extensions ['ignore', 'ignore_ament_install']
[7.814s] Level 1:colcon.colcon_core.package_identification:_identify(src/carto_test) by extension 'ignore'
[7.814s] Level 1:colcon.colcon_core.package_identification:_identify(src/carto_test) by extension 'ignore_ament_install'
[7.815s] Level 1:colcon.colcon_core.package_identification:_identify(src/carto_test) by extensions ['colcon_pkg']
[7.815s] Level 1:colcon.colcon_core.package_identification:_identify(src/carto_test) by extension 'colcon_pkg'
[7.815s] Level 1:colcon.colcon_core.package_identification:_identify(src/carto_test) by extensions ['colcon_meta']
[7.816s] Level 1:colcon.colcon_core.package_identification:_identify(src/carto_test) by extension 'colcon_meta'
[7.816s] Level 1:colcon.colcon_core.package_identification:_identify(src/carto_test) by extensions ['ros']
[7.816s] Level 1:colcon.colcon_core.package_identification:_identify(src/carto_test) by extension 'ros'
[7.837s] DEBUG:colcon.colcon_core.package_identification:Package 'src/carto_test' with type 'ros.ament_python' and name 'carto_test'
[7.838s] Level 1:colcon.colcon_core.package_discovery:discover_packages(recursive) using defaults
[7.838s] Level 1:colcon.colcon_core.package_discovery:discover_packages(ignore) discover
[7.838s] Level 1:colcon.colcon_core.package_discovery:discover_packages(ignore) using defaults
[7.839s] Level 1:colcon.colcon_core.package_discovery:discover_packages(path) discover
[7.839s] Level 1:colcon.colcon_core.package_discovery:discover_packages(path) using defaults
[8.622s] Level 1:colcon.colcon_core.package_discovery:discover_packages(prefix_path) check parameters
[8.623s] Level 1:colcon.colcon_core.package_discovery:discover_packages(prefix_path) discover
[8.836s] DEBUG:colcon.colcon_installed_package_information.package_discovery:Found 1 installed packages in /home/masa/slam_ws/install
[8.938s] DEBUG:colcon.colcon_installed_package_information.package_discovery:Found 361 installed packages in /opt/ros/humble
[8.948s] Level 1:colcon.colcon_core.package_discovery:discover_packages(prefix_path) using defaults
[9.726s] Level 5:colcon.colcon_core.verb:set package 'carto_test' build argument 'cmake_args' from command line to 'None'
[9.726s] Level 5:colcon.colcon_core.verb:set package 'carto_test' build argument 'cmake_target' from command line to 'None'
[9.727s] Level 5:colcon.colcon_core.verb:set package 'carto_test' build argument 'cmake_target_skip_unavailable' from command line to 'False'
[9.727s] Level 5:colcon.colcon_core.verb:set package 'carto_test' build argument 'cmake_clean_cache' from command line to 'False'
[9.727s] Level 5:colcon.colcon_core.verb:set package 'carto_test' build argument 'cmake_clean_first' from command line to 'False'
[9.727s] Level 5:colcon.colcon_core.verb:set package 'carto_test' build argument 'cmake_force_configure' from command line to 'False'
[9.727s] Level 5:colcon.colcon_core.verb:set package 'carto_test' build argument 'ament_cmake_args' from command line to 'None'
[9.727s] Level 5:colcon.colcon_core.verb:set package 'carto_test' build argument 'catkin_cmake_args' from command line to 'None'
[9.727s] Level 5:colcon.colcon_core.verb:set package 'carto_test' build argument 'catkin_skip_building_tests' from command line to 'False'
[9.728s] DEBUG:colcon.colcon_core.verb:Building package 'carto_test' with the following arguments: {'ament_cmake_args': None, 'build_base': '/home/masa/slam_ws/build/carto_test', 'catkin_cmake_args': None, 'catkin_skip_building_tests': False, 'cmake_args': None, 'cmake_clean_cache': False, 'cmake_clean_first': False, 'cmake_force_configure': False, 'cmake_target': None, 'cmake_target_skip_unavailable': False, 'install_base': '/home/masa/slam_ws/install/carto_test', 'merge_install': False, 'path': '/home/masa/slam_ws/src/carto_test', 'symlink_install': True, 'test_result_base': None}
[9.851s] INFO:colcon.colcon_core.executor:Executing jobs using 'parallel' executor
[10.024s] DEBUG:colcon.colcon_parallel_executor.executor.parallel:run_until_complete
[10.026s] INFO:colcon.colcon_ros.task.ament_python.build:Building ROS package in '/home/masa/slam_ws/src/carto_test' with build type 'ament_python'
[10.028s] Level 1:colcon.colcon_core.shell:create_environment_hook('carto_test', 'ament_prefix_path')
[10.184s] INFO:colcon.colcon_core.plugin_system:Skipping extension 'colcon_core.shell.bat': Not used on non-Windows systems
[10.185s] INFO:colcon.colcon_core.shell:Creating environment hook '/home/masa/slam_ws/install/carto_test/share/carto_test/hook/ament_prefix_path.ps1'
[10.191s] INFO:colcon.colcon_core.shell:Creating environment descriptor '/home/masa/slam_ws/install/carto_test/share/carto_test/hook/ament_prefix_path.dsv'
[10.197s] INFO:colcon.colcon_core.shell:Creating environment hook '/home/masa/slam_ws/install/carto_test/share/carto_test/hook/ament_prefix_path.sh'
[10.364s] INFO:colcon.colcon_core.shell:Skip shell extension 'powershell' for command environment: Not usable outside of PowerShell
[10.365s] DEBUG:colcon.colcon_core.shell:Skip shell extension 'dsv' for command environment
[12.741s] INFO:colcon.colcon_core.task.python.build:Building Python package in '/home/masa/slam_ws/src/carto_test'
[12.874s] INFO:colcon.colcon_core.shell:Skip shell extension 'powershell' for command environment: Not usable outside of PowerShell
[12.874s] DEBUG:colcon.colcon_core.shell:Skip shell extension 'dsv' for command environment
[15.409s] DEBUG:colcon.colcon_core.event_handler.log_command:Invoking command in '/home/masa/slam_ws/build/carto_test': PYTHONPATH=/home/masa/slam_ws/build/carto_test/prefix_override:/home/masa/slam_ws/install/carto_test/lib/python3.10/site-packages:${PYTHONPATH} /usr/bin/python3 setup.py develop --editable --build-directory /home/masa/slam_ws/build/carto_test/build --no-deps install_data
[18.550s] Level 1:colcon.colcon_core.shell:create_environment_hook('carto_test', 'pythonpath_develop')
[18.552s] DEBUG:colcon.colcon_core.event_handler.log_command:Invoked command in '/home/masa/slam_ws/build/carto_test' returned '0': PYTHONPATH=/home/masa/slam_ws/build/carto_test/prefix_override:/home/masa/slam_ws/install/carto_test/lib/python3.10/site-packages:${PYTHONPATH} /usr/bin/python3 setup.py develop --editable --build-directory /home/masa/slam_ws/build/carto_test/build --no-deps install_data
[18.659s] INFO:colcon.colcon_core.shell:Creating environment hook '/home/masa/slam_ws/build/carto_test/share/carto_test/hook/pythonpath_develop.ps1'
[18.662s] INFO:colcon.colcon_core.shell:Creating environment descriptor '/home/masa/slam_ws/build/carto_test/share/carto_test/hook/pythonpath_develop.dsv'
[18.665s] INFO:colcon.colcon_core.shell:Creating environment hook '/home/masa/slam_ws/build/carto_test/share/carto_test/hook/pythonpath_develop.sh'
[18.803s] Level 1:colcon.colcon_core.environment:checking '/home/masa/slam_ws/install/carto_test' for CMake module files
[18.805s] Level 1:colcon.colcon_core.environment:checking '/home/masa/slam_ws/install/carto_test' for CMake config files
[18.809s] Level 1:colcon.colcon_core.environment:checking '/home/masa/slam_ws/install/carto_test/lib'
[18.810s] Level 1:colcon.colcon_core.environment:checking '/home/masa/slam_ws/install/carto_test/bin'
[18.811s] Level 1:colcon.colcon_core.environment:checking '/home/masa/slam_ws/install/carto_test/lib/pkgconfig/carto_test.pc'
[18.812s] Level 1:colcon.colcon_core.environment:checking '/home/masa/slam_ws/install/carto_test/lib/python3.10/site-packages'
[18.813s] Level 1:colcon.colcon_core.shell:create_environment_hook('carto_test', 'pythonpath')
[18.900s] INFO:colcon.colcon_core.shell:Creating environment hook '/home/masa/slam_ws/install/carto_test/share/carto_test/hook/pythonpath.ps1'
[18.903s] INFO:colcon.colcon_core.shell:Creating environment descriptor '/home/masa/slam_ws/install/carto_test/share/carto_test/hook/pythonpath.dsv'
[18.905s] INFO:colcon.colcon_core.shell:Creating environment hook '/home/masa/slam_ws/install/carto_test/share/carto_test/hook/pythonpath.sh'
[18.909s] Level 1:colcon.colcon_core.environment:checking '/home/masa/slam_ws/install/carto_test/bin'
[18.909s] Level 1:colcon.colcon_core.environment:create_environment_scripts_only(carto_test)
[19.004s] INFO:colcon.colcon_core.shell:Creating package script '/home/masa/slam_ws/install/carto_test/share/carto_test/package.ps1'
[19.008s] INFO:colcon.colcon_core.shell:Creating package descriptor '/home/masa/slam_ws/install/carto_test/share/carto_test/package.dsv'
[19.011s] INFO:colcon.colcon_core.shell:Creating package script '/home/masa/slam_ws/install/carto_test/share/carto_test/package.sh'
[19.015s] INFO:colcon.colcon_core.shell:Creating package script '/home/masa/slam_ws/install/carto_test/share/carto_test/package.bash'
[19.019s] INFO:colcon.colcon_core.shell:Creating package script '/home/masa/slam_ws/install/carto_test/share/carto_test/package.zsh'
[19.023s] Level 1:colcon.colcon_core.environment:create_file_with_runtime_dependencies(/home/masa/slam_ws/install/carto_test/share/colcon-core/packages/carto_test)
[19.027s] DEBUG:colcon.colcon_parallel_executor.executor.parallel:closing loop
[19.028s] DEBUG:colcon.colcon_parallel_executor.executor.parallel:loop closed
[19.028s] DEBUG:colcon.colcon_parallel_executor.executor.parallel:run_until_complete finished with '0'
[19.029s] DEBUG:colcon.colcon_core.event_reactor:joining thread
[19.181s] INFO:colcon.colcon_core.plugin_system:Skipping extension 'colcon_notification.desktop_notification.terminal_notifier': Not used on non-Darwin systems
[19.182s] INFO:colcon.colcon_core.plugin_system:Skipping extension 'colcon_notification.desktop_notification.win32': Not used on non-Windows systems
[19.182s] INFO:colcon.colcon_notification.desktop_notification:Sending desktop notification using 'notify2'
[19.275s] DEBUG:colcon.colcon_core.event_reactor:joined thread
[19.465s] INFO:colcon.colcon_core.shell:Creating prefix script '/home/masa/slam_ws/install/local_setup.ps1'
[19.470s] INFO:colcon.colcon_core.shell:Creating prefix util module '/home/masa/slam_ws/install/_local_setup_util_ps1.py'
[19.479s] INFO:colcon.colcon_core.shell:Creating prefix chain script '/home/masa/slam_ws/install/setup.ps1'
[19.605s] INFO:colcon.colcon_core.shell:Creating prefix script '/home/masa/slam_ws/install/local_setup.sh'
[19.609s] INFO:colcon.colcon_core.shell:Creating prefix util module '/home/masa/slam_ws/install/_local_setup_util_sh.py'
[19.613s] INFO:colcon.colcon_core.shell:Creating prefix chain script '/home/masa/slam_ws/install/setup.sh'
[19.721s] INFO:colcon.colcon_core.shell:Creating prefix script '/home/masa/slam_ws/install/local_setup.bash'
[19.724s] INFO:colcon.colcon_core.shell:Creating prefix chain script '/home/masa/slam_ws/install/setup.bash'
[19.821s] INFO:colcon.colcon_core.shell:Creating prefix script '/home/masa/slam_ws/install/local_setup.zsh'
[19.825s] INFO:colcon.colcon_core.shell:Creating prefix chain script '/home/masa/slam_ws/install/setup.zsh'
