[16.553s] DEBUG:colcon:Command line arguments: ['/usr/bin/colcon', 'build']
[16.555s] DEBUG:colcon:Parsed command line arguments: Namespace(log_base=None, log_level=None, verb_name='build', build_base='build', install_base='install', merge_install=False, symlink_install=False, test_result_base=None, continue_on_error=False, executor='parallel', parallel_workers=4, event_handlers=None, ignore_user_meta=False, metas=['./colcon.meta'], base_paths=['.'], packages_ignore=None, packages_ignore_regex=None, paths=None, packages_up_to=None, packages_up_to_regex=None, packages_above=None, packages_above_and_dependencies=None, packages_above_depth=None, packages_select_by_dep=None, packages_skip_by_dep=None, packages_skip_up_to=None, packages_select_build_failed=False, packages_skip_build_finished=False, packages_select_test_failures=False, packages_skip_test_passed=False, packages_select=None, packages_skip=None, packages_select_regex=None, packages_skip_regex=None, packages_start=None, packages_end=None, allow_overriding=[], cmake_args=None, cmake_target=None, cmake_target_skip_unavailable=False, cmake_clean_cache=False, cmake_clean_first=False, cmake_force_configure=False, ament_cmake_args=None, catkin_cmake_args=None, catkin_skip_building_tests=False, verb_parser=<colcon_defaults.argument_parser.defaults.DefaultArgumentsDecorator object at 0xffff8deaa9e0>, verb_extension=<colcon_core.verb.build.BuildVerb object at 0xffff8dea9a20>, main=<bound method BuildVerb.main of <colcon_core.verb.build.BuildVerb object at 0xffff8dea9a20>>)
[17.408s] Level 1:colcon.colcon_core.package_discovery:discover_packages(colcon_meta) check parameters
[17.410s] Level 1:colcon.colcon_core.package_discovery:discover_packages(recursive) check parameters
[17.412s] Level 1:colcon.colcon_core.package_discovery:discover_packages(ignore) check parameters
[17.414s] Level 1:colcon.colcon_core.package_discovery:discover_packages(path) check parameters
[17.415s] Level 1:colcon.colcon_core.package_discovery:discover_packages(colcon_meta) discover
[17.416s] Level 1:colcon.colcon_core.package_discovery:discover_packages(recursive) discover
[17.418s] INFO:colcon.colcon_core.package_discovery:Crawling recursively for packages in '/home/masa/slam_ws'
[17.420s] Level 1:colcon.colcon_core.package_identification:_identify(.) by extensions ['ignore', 'ignore_ament_install']
[17.422s] Level 1:colcon.colcon_core.package_identification:_identify(.) by extension 'ignore'
[17.423s] Level 1:colcon.colcon_core.package_identification:_identify(.) by extension 'ignore_ament_install'
[17.424s] Level 1:colcon.colcon_core.package_identification:_identify(.) by extensions ['colcon_pkg']
[17.425s] Level 1:colcon.colcon_core.package_identification:_identify(.) by extension 'colcon_pkg'
[17.426s] Level 1:colcon.colcon_core.package_identification:_identify(.) by extensions ['colcon_meta']
[17.426s] Level 1:colcon.colcon_core.package_identification:_identify(.) by extension 'colcon_meta'
[17.427s] Level 1:colcon.colcon_core.package_identification:_identify(.) by extensions ['ros']
[17.427s] Level 1:colcon.colcon_core.package_identification:_identify(.) by extension 'ros'
[17.523s] Level 1:colcon.colcon_core.package_identification:_identify(.) by extensions ['cmake', 'python']
[17.524s] Level 1:colcon.colcon_core.package_identification:_identify(.) by extension 'cmake'
[17.524s] Level 1:colcon.colcon_core.package_identification:_identify(.) by extension 'python'
[17.525s] Level 1:colcon.colcon_core.package_identification:_identify(.) by extensions ['python_setup_py']
[17.526s] Level 1:colcon.colcon_core.package_identification:_identify(.) by extension 'python_setup_py'
[17.527s] Level 1:colcon.colcon_core.package_identification:_identify(build) by extensions ['ignore', 'ignore_ament_install']
[17.528s] Level 1:colcon.colcon_core.package_identification:_identify(build) by extension 'ignore'
[17.528s] Level 1:colcon.colcon_core.package_identification:_identify(build) ignored
[17.530s] Level 1:colcon.colcon_core.package_identification:_identify(install) by extensions ['ignore', 'ignore_ament_install']
[17.531s] Level 1:colcon.colcon_core.package_identification:_identify(install) by extension 'ignore'
[17.531s] Level 1:colcon.colcon_core.package_identification:_identify(install) ignored
[17.533s] Level 1:colcon.colcon_core.package_identification:_identify(log) by extensions ['ignore', 'ignore_ament_install']
[17.534s] Level 1:colcon.colcon_core.package_identification:_identify(log) by extension 'ignore'
[17.534s] Level 1:colcon.colcon_core.package_identification:_identify(log) ignored
[17.535s] Level 1:colcon.colcon_core.package_identification:_identify(src) by extensions ['ignore', 'ignore_ament_install']
[17.535s] Level 1:colcon.colcon_core.package_identification:_identify(src) by extension 'ignore'
[17.535s] Level 1:colcon.colcon_core.package_identification:_identify(src) by extension 'ignore_ament_install'
[17.536s] Level 1:colcon.colcon_core.package_identification:_identify(src) by extensions ['colcon_pkg']
[17.536s] Level 1:colcon.colcon_core.package_identification:_identify(src) by extension 'colcon_pkg'
[17.537s] Level 1:colcon.colcon_core.package_identification:_identify(src) by extensions ['colcon_meta']
[17.537s] Level 1:colcon.colcon_core.package_identification:_identify(src) by extension 'colcon_meta'
[17.537s] Level 1:colcon.colcon_core.package_identification:_identify(src) by extensions ['ros']
[17.538s] Level 1:colcon.colcon_core.package_identification:_identify(src) by extension 'ros'
[17.539s] Level 1:colcon.colcon_core.package_identification:_identify(src) by extensions ['cmake', 'python']
[17.539s] Level 1:colcon.colcon_core.package_identification:_identify(src) by extension 'cmake'
[17.540s] Level 1:colcon.colcon_core.package_identification:_identify(src) by extension 'python'
[17.540s] Level 1:colcon.colcon_core.package_identification:_identify(src) by extensions ['python_setup_py']
[17.541s] Level 1:colcon.colcon_core.package_identification:_identify(src) by extension 'python_setup_py'
[17.542s] Level 1:colcon.colcon_core.package_identification:_identify(src/carto_test) by extensions ['ignore', 'ignore_ament_install']
[17.543s] Level 1:colcon.colcon_core.package_identification:_identify(src/carto_test) by extension 'ignore'
[17.544s] Level 1:colcon.colcon_core.package_identification:_identify(src/carto_test) by extension 'ignore_ament_install'
[17.544s] Level 1:colcon.colcon_core.package_identification:_identify(src/carto_test) by extensions ['colcon_pkg']
[17.545s] Level 1:colcon.colcon_core.package_identification:_identify(src/carto_test) by extension 'colcon_pkg'
[17.546s] Level 1:colcon.colcon_core.package_identification:_identify(src/carto_test) by extensions ['colcon_meta']
[17.546s] Level 1:colcon.colcon_core.package_identification:_identify(src/carto_test) by extension 'colcon_meta'
[17.547s] Level 1:colcon.colcon_core.package_identification:_identify(src/carto_test) by extensions ['ros']
[17.547s] Level 1:colcon.colcon_core.package_identification:_identify(src/carto_test) by extension 'ros'
[17.567s] DEBUG:colcon.colcon_core.package_identification:Package 'src/carto_test' with type 'ros.ament_python' and name 'carto_test'
[17.568s] Level 1:colcon.colcon_core.package_discovery:discover_packages(recursive) using defaults
[17.572s] Level 1:colcon.colcon_core.package_discovery:discover_packages(ignore) discover
[17.573s] Level 1:colcon.colcon_core.package_discovery:discover_packages(ignore) using defaults
[17.573s] Level 1:colcon.colcon_core.package_discovery:discover_packages(path) discover
[17.574s] Level 1:colcon.colcon_core.package_discovery:discover_packages(path) using defaults
[18.998s] Level 1:colcon.colcon_core.package_discovery:discover_packages(prefix_path) check parameters
[18.999s] Level 1:colcon.colcon_core.package_discovery:discover_packages(prefix_path) discover
[19.468s] DEBUG:colcon.colcon_installed_package_information.package_discovery:Found 361 installed packages in /opt/ros/humble
[19.482s] Level 1:colcon.colcon_core.package_discovery:discover_packages(prefix_path) using defaults
[21.073s] Level 5:colcon.colcon_core.verb:set package 'carto_test' build argument 'cmake_args' from command line to 'None'
[21.073s] Level 5:colcon.colcon_core.verb:set package 'carto_test' build argument 'cmake_target' from command line to 'None'
[21.073s] Level 5:colcon.colcon_core.verb:set package 'carto_test' build argument 'cmake_target_skip_unavailable' from command line to 'False'
[21.074s] Level 5:colcon.colcon_core.verb:set package 'carto_test' build argument 'cmake_clean_cache' from command line to 'False'
[21.074s] Level 5:colcon.colcon_core.verb:set package 'carto_test' build argument 'cmake_clean_first' from command line to 'False'
[21.074s] Level 5:colcon.colcon_core.verb:set package 'carto_test' build argument 'cmake_force_configure' from command line to 'False'
[21.074s] Level 5:colcon.colcon_core.verb:set package 'carto_test' build argument 'ament_cmake_args' from command line to 'None'
[21.074s] Level 5:colcon.colcon_core.verb:set package 'carto_test' build argument 'catkin_cmake_args' from command line to 'None'
[21.075s] Level 5:colcon.colcon_core.verb:set package 'carto_test' build argument 'catkin_skip_building_tests' from command line to 'False'
[21.075s] DEBUG:colcon.colcon_core.verb:Building package 'carto_test' with the following arguments: {'ament_cmake_args': None, 'build_base': '/home/masa/slam_ws/build/carto_test', 'catkin_cmake_args': None, 'catkin_skip_building_tests': False, 'cmake_args': None, 'cmake_clean_cache': False, 'cmake_clean_first': False, 'cmake_force_configure': False, 'cmake_target': None, 'cmake_target_skip_unavailable': False, 'install_base': '/home/masa/slam_ws/install/carto_test', 'merge_install': False, 'path': '/home/masa/slam_ws/src/carto_test', 'symlink_install': False, 'test_result_base': None}
[21.337s] INFO:colcon.colcon_core.executor:Executing jobs using 'parallel' executor
[21.651s] DEBUG:colcon.colcon_parallel_executor.executor.parallel:run_until_complete
[21.652s] INFO:colcon.colcon_ros.task.ament_python.build:Building ROS package in '/home/masa/slam_ws/src/carto_test' with build type 'ament_python'
[21.658s] Level 1:colcon.colcon_core.shell:create_environment_hook('carto_test', 'ament_prefix_path')
[21.981s] INFO:colcon.colcon_core.plugin_system:Skipping extension 'colcon_core.shell.bat': Not used on non-Windows systems
[21.982s] INFO:colcon.colcon_core.shell:Creating environment hook '/home/masa/slam_ws/install/carto_test/share/carto_test/hook/ament_prefix_path.ps1'
[21.988s] INFO:colcon.colcon_core.shell:Creating environment descriptor '/home/masa/slam_ws/install/carto_test/share/carto_test/hook/ament_prefix_path.dsv'
[21.992s] INFO:colcon.colcon_core.shell:Creating environment hook '/home/masa/slam_ws/install/carto_test/share/carto_test/hook/ament_prefix_path.sh'
[22.218s] INFO:colcon.colcon_core.shell:Skip shell extension 'powershell' for command environment: Not usable outside of PowerShell
[22.219s] DEBUG:colcon.colcon_core.shell:Skip shell extension 'dsv' for command environment
[26.355s] INFO:colcon.colcon_core.task.python.build:Building Python package in '/home/masa/slam_ws/src/carto_test'
[26.661s] INFO:colcon.colcon_core.shell:Skip shell extension 'powershell' for command environment: Not usable outside of PowerShell
[26.661s] DEBUG:colcon.colcon_core.shell:Skip shell extension 'dsv' for command environment
[29.570s] DEBUG:colcon.colcon_core.event_handler.log_command:Invoking command in '/home/masa/slam_ws/src/carto_test': PYTHONPATH=/home/masa/slam_ws/build/carto_test/prefix_override:/home/masa/slam_ws/install/carto_test/lib/python3.10/site-packages:${PYTHONPATH} /usr/bin/python3 setup.py egg_info --egg-base ../../build/carto_test build --build-base /home/masa/slam_ws/build/carto_test/build install --record /home/masa/slam_ws/build/carto_test/install.log --single-version-externally-managed
[31.715s] DEBUG:colcon.colcon_core.event_handler.log_command:Invoked command in '/home/masa/slam_ws/src/carto_test' returned '0': PYTHONPATH=/home/masa/slam_ws/build/carto_test/prefix_override:/home/masa/slam_ws/install/carto_test/lib/python3.10/site-packages:${PYTHONPATH} /usr/bin/python3 setup.py egg_info --egg-base ../../build/carto_test build --build-base /home/masa/slam_ws/build/carto_test/build install --record /home/masa/slam_ws/build/carto_test/install.log --single-version-externally-managed
[31.842s] Level 1:colcon.colcon_core.environment:checking '/home/masa/slam_ws/install/carto_test' for CMake module files
[31.846s] Level 1:colcon.colcon_core.environment:checking '/home/masa/slam_ws/install/carto_test' for CMake config files
[31.851s] Level 1:colcon.colcon_core.environment:checking '/home/masa/slam_ws/install/carto_test/lib'
[31.852s] Level 1:colcon.colcon_core.environment:checking '/home/masa/slam_ws/install/carto_test/bin'
[31.853s] Level 1:colcon.colcon_core.environment:checking '/home/masa/slam_ws/install/carto_test/lib/pkgconfig/carto_test.pc'
[31.854s] Level 1:colcon.colcon_core.environment:checking '/home/masa/slam_ws/install/carto_test/lib/python3.10/site-packages'
[31.855s] Level 1:colcon.colcon_core.shell:create_environment_hook('carto_test', 'pythonpath')
[32.001s] INFO:colcon.colcon_core.shell:Creating environment hook '/home/masa/slam_ws/install/carto_test/share/carto_test/hook/pythonpath.ps1'
[32.003s] INFO:colcon.colcon_core.shell:Creating environment descriptor '/home/masa/slam_ws/install/carto_test/share/carto_test/hook/pythonpath.dsv'
[32.006s] INFO:colcon.colcon_core.shell:Creating environment hook '/home/masa/slam_ws/install/carto_test/share/carto_test/hook/pythonpath.sh'
[32.010s] Level 1:colcon.colcon_core.environment:checking '/home/masa/slam_ws/install/carto_test/bin'
[32.011s] Level 1:colcon.colcon_core.environment:create_environment_scripts_only(carto_test)
[32.160s] INFO:colcon.colcon_core.shell:Creating package script '/home/masa/slam_ws/install/carto_test/share/carto_test/package.ps1'
[32.167s] INFO:colcon.colcon_core.shell:Creating package descriptor '/home/masa/slam_ws/install/carto_test/share/carto_test/package.dsv'
[32.172s] INFO:colcon.colcon_core.shell:Creating package script '/home/masa/slam_ws/install/carto_test/share/carto_test/package.sh'
[32.177s] INFO:colcon.colcon_core.shell:Creating package script '/home/masa/slam_ws/install/carto_test/share/carto_test/package.bash'
[32.182s] INFO:colcon.colcon_core.shell:Creating package script '/home/masa/slam_ws/install/carto_test/share/carto_test/package.zsh'
[32.186s] Level 1:colcon.colcon_core.environment:create_file_with_runtime_dependencies(/home/masa/slam_ws/install/carto_test/share/colcon-core/packages/carto_test)
[32.190s] DEBUG:colcon.colcon_parallel_executor.executor.parallel:closing loop
[32.266s] DEBUG:colcon.colcon_parallel_executor.executor.parallel:loop closed
[32.267s] DEBUG:colcon.colcon_parallel_executor.executor.parallel:run_until_complete finished with '0'
[32.267s] DEBUG:colcon.colcon_core.event_reactor:joining thread
[32.463s] INFO:colcon.colcon_core.plugin_system:Skipping extension 'colcon_notification.desktop_notification.terminal_notifier': Not used on non-Darwin systems
[32.464s] INFO:colcon.colcon_core.plugin_system:Skipping extension 'colcon_notification.desktop_notification.win32': Not used on non-Windows systems
[32.465s] INFO:colcon.colcon_notification.desktop_notification:Sending desktop notification using 'notify2'
[32.588s] DEBUG:colcon.colcon_core.event_reactor:joined thread
[32.816s] INFO:colcon.colcon_core.shell:Creating prefix script '/home/masa/slam_ws/install/local_setup.ps1'
[32.823s] INFO:colcon.colcon_core.shell:Creating prefix util module '/home/masa/slam_ws/install/_local_setup_util_ps1.py'
[32.833s] INFO:colcon.colcon_core.shell:Creating prefix chain script '/home/masa/slam_ws/install/setup.ps1'
[32.992s] INFO:colcon.colcon_core.shell:Creating prefix script '/home/masa/slam_ws/install/local_setup.sh'
[32.996s] INFO:colcon.colcon_core.shell:Creating prefix util module '/home/masa/slam_ws/install/_local_setup_util_sh.py'
[32.999s] INFO:colcon.colcon_core.shell:Creating prefix chain script '/home/masa/slam_ws/install/setup.sh'
[33.146s] INFO:colcon.colcon_core.shell:Creating prefix script '/home/masa/slam_ws/install/local_setup.bash'
[33.149s] INFO:colcon.colcon_core.shell:Creating prefix chain script '/home/masa/slam_ws/install/setup.bash'
[33.291s] INFO:colcon.colcon_core.shell:Creating prefix script '/home/masa/slam_ws/install/local_setup.zsh'
[33.295s] INFO:colcon.colcon_core.shell:Creating prefix chain script '/home/masa/slam_ws/install/setup.zsh'
